{"ts":"2026-05-17T17:52:16.143Z","matchId":"a0727f15-c8a1-4f09-9987-5a987f7d3d42","round":0,"event":"battle:init","userId":"281c6195-f06f-4316-b94a-a8bc9ee4528e","myTeam":3,"enemyTeam":3,"isAlpha":true}
{"ts":"2026-05-17T17:52:16.162Z","matchId":"a0727f15-c8a1-4f09-9987-5a987f7d3d42","round":0,"event":"battle:init","userId":"442244da-f050-4603-9e21-041a3f529383","myTeam":3,"enemyTeam":3,"isAlpha":false}
{"ts":"2026-05-17T17:52:21.325Z","matchId":"a0727f15-c8a1-4f09-9987-5a987f7d3d42","round":1,"event":"submit:round","userId":"281c6195-f06f-4316-b94a-a8bc9ee4528e","selectedPets":3,"selectedCards":3}
{"ts":"2026-05-17T17:52:21.331Z","matchId":"a0727f15-c8a1-4f09-9987-5a987f7d3d42","round":1,"event":"submit:round:sent","userId":"281c6195-f06f-4316-b94a-a8bc9ee4528e","selectedPets":3}
{"ts":"2026-05-17T17:52:26.159Z","matchId":"a0727f15-c8a1-4f09-9987-5a987f7d3d42","round":1,"event":"submit:round","userId":"442244da-f050-4603-9e21-041a3f529383","selectedPets":3,"selectedCards":3}
{"ts":"2026-05-17T17:52:26.166Z","matchId":"a0727f15-c8a1-4f09-9987-5a987f7d3d42","round":1,"event":"submit:round:sent","userId":"442244da-f050-4603-9e21-041a3f529383","selectedPets":3}
{"ts":"2026-05-17T17:52:26.177Z","matchId":"a0727f15-c8a1-4f09-9987-5a987f7d3d42","round":0,"event":"ws:round:action","userId":"281c6195-f06f-4316-b94a-a8bc9ee4528e","actorUid":"75a9826c-cd54-4da2-ab40-4e8f56bf0c55","targetUid":"2ab8d1fa-10aa-4400-9721-a82edb0c4ed1","effectType":"damage","damage":107}
{"ts":"2026-05-17T17:52:26.180Z","matchId":"a0727f15-c8a1-4f09-9987-5a987f7d3d42","round":0,"event":"ui:round:action:apply","userId":"281c6195-f06f-4316-b94a-a8bc9ee4528e","actorUid":"75a9826c-cd54-4da2-ab40-4e8f56bf0c55","targetUid":"2ab8d1fa-10aa-4400-9721-a82edb0c4ed1","effectType":"damage","damage":107,"actorAnimId":"75a9826c-cd54-4da2-ab40-4e8f56bf0c55","targetAnimId":"2ab8d1fa-10aa-4400-9721-a82edb0c4ed1","actorHp":143,"targetHp":155}
{"ts":"2026-05-17T17:52:26.231Z","matchId":"a0727f15-c8a1-4f09-9987-5a987f7d3d42","round":0,"event":"ws:round:action","userId":"442244da-f050-4603-9e21-041a3f529383","actorUid":"75a9826c-cd54-4da2-ab40-4e8f56bf0c55","targetUid":"2ab8d1fa-10aa-4400-9721-a82edb0c4ed1","effectType":"damage","damage":107}
{"ts":"2026-05-17T17:52:26.235Z","matchId":"a0727f15-c8a1-4f09-9987-5a987f7d3d42","round":0,"event":"ui:round:action:apply","userId":"442244da-f050-4603-9e21-041a3f529383","actorUid":"75a9826c-cd54-4da2-ab40-4e8f56bf0c55","targetUid":"2ab8d1fa-10aa-4400-9721-a82edb0c4ed1","effectType":"damage","damage":107,"actorAnimId":"75a9826c-cd54-4da2-ab40-4e8f56bf0c55","targetAnimId":"2ab8d1fa-10aa-4400-9721-a82edb0c4ed1","actorHp":143,"targetHp":155}
{"ts":"2026-05-17T17:52:27.178Z","matchId":"a0727f15-c8a1-4f09-9987-5a987f7d3d42","round":0,"event":"ws:round:hit","userId":"281c6195-f06f-4316-b94a-a8bc9ee4528e","actorUid":"75a9826c-cd54-4da2-ab40-4e8f56bf0c55","targetUid":"2ab8d1fa-10aa-4400-9721-a82edb0c4ed1","effectType":"damage","damage":107,"healAmount":0,"shieldAmount":0}
{"ts":"2026-05-17T17:52:27.182Z","matchId":"a0727f15-c8a1-4f09-9987-5a987f7d3d42","round":0,"event":"ws:round:hit","userId":"442244da-f050-4603-9e21-041a3f529383","actorUid":"75a9826c-cd54-4da2-ab40-4e8f56bf0c55","targetUid":"2ab8d1fa-10aa-4400-9721-a82edb0c4ed1","effectType":"damage","damage":107,"healAmount":0,"shieldAmount":0}
{"ts":"2026-05-17T17:52:27.184Z","matchId":"a0727f15-c8a1-4f09-9987-5a987f7d3d42","round":0,"event":"ui:round:hit:before","userId":"442244da-f050-4603-9e21-041a3f529383","actorUid":"75a9826c-cd54-4da2-ab40-4e8f56bf0c55","targetUid":"2ab8d1fa-10aa-4400-9721-a82edb0c4ed1","effectType":"damage","damage":107,"healAmount":0,"shieldAmount":0,"statusApplied":"","targetHpBefore":155,"targetShieldBefore":20,"actorHpBefore":143,"actorShieldBefore":0,"serverTargetHpAfter":68,"serverTargetShieldAfter":0}
{"ts":"2026-05-17T17:52:27.185Z","matchId":"a0727f15-c8a1-4f09-9987-5a987f7d3d42","round":0,"event":"ui:round:hit:after","userId":"442244da-f050-4603-9e21-041a3f529383","targetUid":"2ab8d1fa-10aa-4400-9721-a82edb0c4ed1","targetAnimId":"2ab8d1fa-10aa-4400-9721-a82edb0c4ed1","targetHp":68,"targetShield":0,"actorUid":"75a9826c-cd54-4da2-ab40-4e8f56bf0c55","actorAnimId":"75a9826c-cd54-4da2-ab40-4e8f56bf0c55","actorHp":143,"actorShield":40}
{"ts":"2026-05-17T17:52:27.188Z","matchId":"a0727f15-c8a1-4f09-9987-5a987f7d3d42","round":0,"event":"ui:round:hit:before","userId":"281c6195-f06f-4316-b94a-a8bc9ee4528e","actorUid":"75a9826c-cd54-4da2-ab40-4e8f56bf0c55","targetUid":"2ab8d1fa-10aa-4400-9721-a82edb0c4ed1","effectType":"damage","damage":107,"healAmount":0,"shieldAmount":0,"statusApplied":"","targetHpBefore":155,"targetShieldBefore":0,"actorHpBefore":143,"actorShieldBefore":40,"serverTargetHpAfter":68,"serverTargetShieldAfter":0}
{"ts":"2026-05-17T17:52:27.193Z","matchId":"a0727f15-c8a1-4f09-9987-5a987f7d3d42","round":0,"event":"ui:round:hit:after","userId":"281c6195-f06f-4316-b94a-a8bc9ee4528e","targetUid":"2ab8d1fa-10aa-4400-9721-a82edb0c4ed1","targetAnimId":"2ab8d1fa-10aa-4400-9721-a82edb0c4ed1","targetHp":68,"targetShield":0,"actorUid":"75a9826c-cd54-4da2-ab40-4e8f56bf0c55","actorAnimId":"75a9826c-cd54-4da2-ab40-4e8f56bf0c55","actorHp":143,"actorShield":40}
{"ts":"2026-05-17T17:52:27.985Z","matchId":"a0727f15-c8a1-4f09-9987-5a987f7d3d42","round":0,"event":"ws:round:action","userId":"442244da-f050-4603-9e21-041a3f529383","actorUid":"0f291d2a-b198-4c23-9424-3e454e82eb27","targetUid":"2ab8d1fa-10aa-4400-9721-a82edb0c4ed1","effectType":"damage","damage":89}
{"ts":"2026-05-17T17:52:27.986Z","matchId":"a0727f15-c8a1-4f09-9987-5a987f7d3d42","round":0,"event":"ui:round:action:apply","userId":"442244da-f050-4603-9e21-041a3f529383","actorUid":"0f291d2a-b198-4c23-9424-3e454e82eb27","targetUid":"2ab8d1fa-10aa-4400-9721-a82edb0c4ed1","effectType":"damage","damage":89,"actorAnimId":"0f291d2a-b198-4c23-9424-3e454e82eb27","targetAnimId":"2ab8d1fa-10aa-4400-9721-a82edb0c4ed1","actorHp":144,"targetHp":68}
{"ts":"2026-05-17T17:52:27.995Z","matchId":"a0727f15-c8a1-4f09-9987-5a987f7d3d42","round":0,"event":"ws:round:action","userId":"281c6195-f06f-4316-b94a-a8bc9ee4528e","actorUid":"0f291d2a-b198-4c23-9424-3e454e82eb27","targetUid":"2ab8d1fa-10aa-4400-9721-a82edb0c4ed1","effectType":"damage","damage":89}
{"ts":"2026-05-17T17:52:27.999Z","matchId":"a0727f15-c8a1-4f09-9987-5a987f7d3d42","round":0,"event":"ui:round:action:apply","userId":"281c6195-f06f-4316-b94a-a8bc9ee4528e","actorUid":"0f291d2a-b198-4c23-9424-3e454e82eb27","targetUid":"2ab8d1fa-10aa-4400-9721-a82edb0c4ed1","effectType":"damage","damage":89,"actorAnimId":"0f291d2a-b198-4c23-9424-3e454e82eb27","targetAnimId":"2ab8d1fa-10aa-4400-9721-a82edb0c4ed1","actorHp":144,"targetHp":68}
{"ts":"2026-05-17T17:52:28.988Z","matchId":"a0727f15-c8a1-4f09-9987-5a987f7d3d42","round":0,"event":"ws:round:hit","userId":"281c6195-f06f-4316-b94a-a8bc9ee4528e","actorUid":"0f291d2a-b198-4c23-9424-3e454e82eb27","targetUid":"2ab8d1fa-10aa-4400-9721-a82edb0c4ed1","effectType":"damage","damage":89,"healAmount":0,"shieldAmount":0}
{"ts":"2026-05-17T17:52:28.990Z","matchId":"a0727f15-c8a1-4f09-9987-5a987f7d3d42","round":0,"event":"ui:round:hit:before","userId":"281c6195-f06f-4316-b94a-a8bc9ee4528e","actorUid":"0f291d2a-b198-4c23-9424-3e454e82eb27","targetUid":"2ab8d1fa-10aa-4400-9721-a82edb0c4ed1","effectType":"damage","damage":89,"healAmount":0,"shieldAmount":0,"statusApplied":"","targetHpBefore":68,"targetShieldBefore":0,"actorHpBefore":144,"actorShieldBefore":50,"serverTargetHpAfter":0,"serverTargetShieldAfter":0}
{"ts":"2026-05-17T17:52:28.991Z","matchId":"a0727f15-c8a1-4f09-9987-5a987f7d3d42","round":0,"event":"ws:round:hit","userId":"442244da-f050-4603-9e21-041a3f529383","actorUid":"0f291d2a-b198-4c23-9424-3e454e82eb27","targetUid":"2ab8d1fa-10aa-4400-9721-a82edb0c4ed1","effectType":"damage","damage":89,"healAmount":0,"shieldAmount":0}
{"ts":"2026-05-17T17:52:28.991Z","matchId":"a0727f15-c8a1-4f09-9987-5a987f7d3d42","round":0,"event":"ui:round:hit:before","userId":"442244da-f050-4603-9e21-041a3f529383","actorUid":"0f291d2a-b198-4c23-9424-3e454e82eb27","targetUid":"2ab8d1fa-10aa-4400-9721-a82edb0c4ed1","effectType":"damage","damage":89,"healAmount":0,"shieldAmount":0,"statusApplied":"","targetHpBefore":68,"targetShieldBefore":0,"actorHpBefore":144,"actorShieldBefore":0,"serverTargetHpAfter":0,"serverTargetShieldAfter":0}
{"ts":"2026-05-17T17:52:28.992Z","matchId":"a0727f15-c8a1-4f09-9987-5a987f7d3d42","round":0,"event":"ui:round:hit:after","userId":"442244da-f050-4603-9e21-041a3f529383","targetUid":"2ab8d1fa-10aa-4400-9721-a82edb0c4ed1","targetAnimId":"2ab8d1fa-10aa-4400-9721-a82edb0c4ed1","targetHp":0,"targetShield":0,"actorUid":"0f291d2a-b198-4c23-9424-3e454e82eb27","actorAnimId":"0f291d2a-b198-4c23-9424-3e454e82eb27","actorHp":144,"actorShield":50}
{"ts":"2026-05-17T17:52:28.992Z","matchId":"a0727f15-c8a1-4f09-9987-5a987f7d3d42","round":0,"event":"ui:round:hit:after","userId":"281c6195-f06f-4316-b94a-a8bc9ee4528e","targetUid":"2ab8d1fa-10aa-4400-9721-a82edb0c4ed1","targetAnimId":"2ab8d1fa-10aa-4400-9721-a82edb0c4ed1","targetHp":0,"targetShield":0,"actorUid":"0f291d2a-b198-4c23-9424-3e454e82eb27","actorAnimId":"0f291d2a-b198-4c23-9424-3e454e82eb27","actorHp":144,"actorShield":50}
{"ts":"2026-05-17T17:52:29.797Z","matchId":"a0727f15-c8a1-4f09-9987-5a987f7d3d42","round":0,"event":"ws:round:action","userId":"442244da-f050-4603-9e21-041a3f529383","actorUid":"2c4f66b1-8fd9-42c6-9487-15340bade088","targetUid":"0f291d2a-b198-4c23-9424-3e454e82eb27","effectType":"damage","damage":67}
{"ts":"2026-05-17T17:52:29.800Z","matchId":"a0727f15-c8a1-4f09-9987-5a987f7d3d42","round":0,"event":"ui:round:action:apply","userId":"442244da-f050-4603-9e21-041a3f529383","actorUid":"2c4f66b1-8fd9-42c6-9487-15340bade088","targetUid":"0f291d2a-b198-4c23-9424-3e454e82eb27","effectType":"damage","damage":67,"actorAnimId":"2c4f66b1-8fd9-42c6-9487-15340bade088","targetAnimId":"0f291d2a-b198-4c23-9424-3e454e82eb27","actorHp":142,"targetHp":144}
{"ts":"2026-05-17T17:52:29.801Z","matchId":"a0727f15-c8a1-4f09-9987-5a987f7d3d42","round":0,"event":"ws:round:action","userId":"281c6195-f06f-4316-b94a-a8bc9ee4528e","actorUid":"2c4f66b1-8fd9-42c6-9487-15340bade088","targetUid":"0f291d2a-b198-4c23-9424-3e454e82eb27","effectType":"damage","damage":67}
{"ts":"2026-05-17T17:52:29.802Z","matchId":"a0727f15-c8a1-4f09-9987-5a987f7d3d42","round":0,"event":"ui:round:action:apply","userId":"281c6195-f06f-4316-b94a-a8bc9ee4528e","actorUid":"2c4f66b1-8fd9-42c6-9487-15340bade088","targetUid":"0f291d2a-b198-4c23-9424-3e454e82eb27","effectType":"damage","damage":67,"actorAnimId":"2c4f66b1-8fd9-42c6-9487-15340bade088","targetAnimId":"0f291d2a-b198-4c23-9424-3e454e82eb27","actorHp":142,"targetHp":144}
{"ts":"2026-05-17T17:52:30.804Z","matchId":"a0727f15-c8a1-4f09-9987-5a987f7d3d42","round":0,"event":"ws:round:hit","userId":"281c6195-f06f-4316-b94a-a8bc9ee4528e","actorUid":"2c4f66b1-8fd9-42c6-9487-15340bade088","targetUid":"0f291d2a-b198-4c23-9424-3e454e82eb27","effectType":"damage","damage":67,"healAmount":0,"shieldAmount":0}
{"ts":"2026-05-17T17:52:30.806Z","matchId":"a0727f15-c8a1-4f09-9987-5a987f7d3d42","round":0,"event":"ui:round:hit:before","userId":"281c6195-f06f-4316-b94a-a8bc9ee4528e","actorUid":"2c4f66b1-8fd9-42c6-9487-15340bade088","targetUid":"0f291d2a-b198-4c23-9424-3e454e82eb27","effectType":"damage","damage":67,"healAmount":0,"shieldAmount":0,"statusApplied":"","targetHpBefore":144,"targetShieldBefore":50,"actorHpBefore":142,"actorShieldBefore":0,"serverTargetHpAfter":127,"serverTargetShieldAfter":0}
{"ts":"2026-05-17T17:52:30.808Z","matchId":"a0727f15-c8a1-4f09-9987-5a987f7d3d42","round":0,"event":"ws:round:hit","userId":"442244da-f050-4603-9e21-041a3f529383","actorUid":"2c4f66b1-8fd9-42c6-9487-15340bade088","targetUid":"0f291d2a-b198-4c23-9424-3e454e82eb27","effectType":"damage","damage":67,"healAmount":0,"shieldAmount":0}
{"ts":"2026-05-17T17:52:30.809Z","matchId":"a0727f15-c8a1-4f09-9987-5a987f7d3d42","round":0,"event":"ui:round:hit:before","userId":"442244da-f050-4603-9e21-041a3f529383","actorUid":"2c4f66b1-8fd9-42c6-9487-15340bade088","targetUid":"0f291d2a-b198-4c23-9424-3e454e82eb27","effectType":"damage","damage":67,"healAmount":0,"shieldAmount":0,"statusApplied":"","targetHpBefore":144,"targetShieldBefore":50,"actorHpBefore":142,"actorShieldBefore":60,"serverTargetHpAfter":127,"serverTargetShieldAfter":0}
{"ts":"2026-05-17T17:52:30.810Z","matchId":"a0727f15-c8a1-4f09-9987-5a987f7d3d42","round":0,"event":"ui:round:hit:after","userId":"442244da-f050-4603-9e21-041a3f529383","targetUid":"0f291d2a-b198-4c23-9424-3e454e82eb27","targetAnimId":"0f291d2a-b198-4c23-9424-3e454e82eb27","targetHp":127,"targetShield":0,"actorUid":"2c4f66b1-8fd9-42c6-9487-15340bade088","actorAnimId":"2c4f66b1-8fd9-42c6-9487-15340bade088","actorHp":142,"actorShield":60}
{"ts":"2026-05-17T17:52:30.811Z","matchId":"a0727f15-c8a1-4f09-9987-5a987f7d3d42","round":0,"event":"ui:round:hit:after","userId":"281c6195-f06f-4316-b94a-a8bc9ee4528e","targetUid":"0f291d2a-b198-4c23-9424-3e454e82eb27","targetAnimId":"0f291d2a-b198-4c23-9424-3e454e82eb27","targetHp":127,"targetShield":0,"actorUid":"2c4f66b1-8fd9-42c6-9487-15340bade088","actorAnimId":"2c4f66b1-8fd9-42c6-9487-15340bade088","actorHp":142,"actorShield":60}
{"ts":"2026-05-17T17:52:31.612Z","matchId":"a0727f15-c8a1-4f09-9987-5a987f7d3d42","round":0,"event":"ws:round:action","userId":"442244da-f050-4603-9e21-041a3f529383","actorUid":"6ec3b958-ff4e-45b2-b4e3-7a18fe128c05","targetUid":"0f291d2a-b198-4c23-9424-3e454e82eb27","effectType":"damage","damage":120}
{"ts":"2026-05-17T17:52:31.614Z","matchId":"a0727f15-c8a1-4f09-9987-5a987f7d3d42","round":0,"event":"ui:round:action:apply","userId":"442244da-f050-4603-9e21-041a3f529383","actorUid":"6ec3b958-ff4e-45b2-b4e3-7a18fe128c05","targetUid":"0f291d2a-b198-4c23-9424-3e454e82eb27","effectType":"damage","damage":120,"actorAnimId":"6ec3b958-ff4e-45b2-b4e3-7a18fe128c05","targetAnimId":"0f291d2a-b198-4c23-9424-3e454e82eb27","actorHp":159,"targetHp":127}
{"ts":"2026-05-17T17:52:31.623Z","matchId":"a0727f15-c8a1-4f09-9987-5a987f7d3d42","round":0,"event":"ws:round:action","userId":"281c6195-f06f-4316-b94a-a8bc9ee4528e","actorUid":"6ec3b958-ff4e-45b2-b4e3-7a18fe128c05","targetUid":"0f291d2a-b198-4c23-9424-3e454e82eb27","effectType":"damage","damage":120}
{"ts":"2026-05-17T17:52:31.626Z","matchId":"a0727f15-c8a1-4f09-9987-5a987f7d3d42","round":0,"event":"ui:round:action:apply","userId":"281c6195-f06f-4316-b94a-a8bc9ee4528e","actorUid":"6ec3b958-ff4e-45b2-b4e3-7a18fe128c05","targetUid":"0f291d2a-b198-4c23-9424-3e454e82eb27","effectType":"damage","damage":120,"actorAnimId":"6ec3b958-ff4e-45b2-b4e3-7a18fe128c05","targetAnimId":"0f291d2a-b198-4c23-9424-3e454e82eb27","actorHp":159,"targetHp":127}
{"ts":"2026-05-17T17:52:32.618Z","matchId":"a0727f15-c8a1-4f09-9987-5a987f7d3d42","round":0,"event":"ws:round:hit","userId":"281c6195-f06f-4316-b94a-a8bc9ee4528e","actorUid":"6ec3b958-ff4e-45b2-b4e3-7a18fe128c05","targetUid":"0f291d2a-b198-4c23-9424-3e454e82eb27","effectType":"damage","damage":120,"healAmount":0,"shieldAmount":0}
{"ts":"2026-05-17T17:52:32.619Z","matchId":"a0727f15-c8a1-4f09-9987-5a987f7d3d42","round":0,"event":"ui:round:hit:before","userId":"281c6195-f06f-4316-b94a-a8bc9ee4528e","actorUid":"6ec3b958-ff4e-45b2-b4e3-7a18fe128c05","targetUid":"0f291d2a-b198-4c23-9424-3e454e82eb27","effectType":"damage","damage":120,"healAmount":0,"shieldAmount":0,"statusApplied":"","targetHpBefore":127,"targetShieldBefore":0,"actorHpBefore":159,"actorShieldBefore":0,"serverTargetHpAfter":7,"serverTargetShieldAfter":0}
{"ts":"2026-05-17T17:52:32.620Z","matchId":"a0727f15-c8a1-4f09-9987-5a987f7d3d42","round":0,"event":"ws:round:hit","userId":"442244da-f050-4603-9e21-041a3f529383","actorUid":"6ec3b958-ff4e-45b2-b4e3-7a18fe128c05","targetUid":"0f291d2a-b198-4c23-9424-3e454e82eb27","effectType":"damage","damage":120,"healAmount":0,"shieldAmount":0}
{"ts":"2026-05-17T17:52:32.621Z","matchId":"a0727f15-c8a1-4f09-9987-5a987f7d3d42","round":0,"event":"ui:round:hit:before","userId":"442244da-f050-4603-9e21-041a3f529383","actorUid":"6ec3b958-ff4e-45b2-b4e3-7a18fe128c05","targetUid":"0f291d2a-b198-4c23-9424-3e454e82eb27","effectType":"damage","damage":120,"healAmount":0,"shieldAmount":0,"statusApplied":"","targetHpBefore":127,"targetShieldBefore":0,"actorHpBefore":159,"actorShieldBefore":30,"serverTargetHpAfter":7,"serverTargetShieldAfter":0}
{"ts":"2026-05-17T17:52:32.622Z","matchId":"a0727f15-c8a1-4f09-9987-5a987f7d3d42","round":0,"event":"ui:round:hit:after","userId":"442244da-f050-4603-9e21-041a3f529383","targetUid":"0f291d2a-b198-4c23-9424-3e454e82eb27","targetAnimId":"0f291d2a-b198-4c23-9424-3e454e82eb27","targetHp":7,"targetShield":0,"actorUid":"6ec3b958-ff4e-45b2-b4e3-7a18fe128c05","actorAnimId":"6ec3b958-ff4e-45b2-b4e3-7a18fe128c05","actorHp":159,"actorShield":30}
{"ts":"2026-05-17T17:52:32.624Z","matchId":"a0727f15-c8a1-4f09-9987-5a987f7d3d42","round":0,"event":"ui:round:hit:after","userId":"281c6195-f06f-4316-b94a-a8bc9ee4528e","targetUid":"0f291d2a-b198-4c23-9424-3e454e82eb27","targetAnimId":"0f291d2a-b198-4c23-9424-3e454e82eb27","targetHp":7,"targetShield":0,"actorUid":"6ec3b958-ff4e-45b2-b4e3-7a18fe128c05","actorAnimId":"6ec3b958-ff4e-45b2-b4e3-7a18fe128c05","actorHp":159,"actorShield":30}
{"ts":"2026-05-17T17:52:33.423Z","matchId":"a0727f15-c8a1-4f09-9987-5a987f7d3d42","round":0,"event":"ws:round:action","userId":"442244da-f050-4603-9e21-041a3f529383","actorUid":"e867db4c-dd24-45f5-b082-0a620810954c","targetUid":"2c4f66b1-8fd9-42c6-9487-15340bade088","effectType":"damage","damage":18}
{"ts":"2026-05-17T17:52:33.426Z","matchId":"a0727f15-c8a1-4f09-9987-5a987f7d3d42","round":0,"event":"ui:round:action:apply","userId":"442244da-f050-4603-9e21-041a3f529383","actorUid":"e867db4c-dd24-45f5-b082-0a620810954c","targetUid":"2c4f66b1-8fd9-42c6-9487-15340bade088","effectType":"damage","damage":18,"actorAnimId":"e867db4c-dd24-45f5-b082-0a620810954c","targetAnimId":"2c4f66b1-8fd9-42c6-9487-15340bade088","actorHp":195,"targetHp":142}
{"ts":"2026-05-17T17:52:33.431Z","matchId":"a0727f15-c8a1-4f09-9987-5a987f7d3d42","round":0,"event":"ws:round:action","userId":"281c6195-f06f-4316-b94a-a8bc9ee4528e","actorUid":"e867db4c-dd24-45f5-b082-0a620810954c","targetUid":"2c4f66b1-8fd9-42c6-9487-15340bade088","effectType":"damage","damage":18}
{"ts":"2026-05-17T17:52:33.433Z","matchId":"a0727f15-c8a1-4f09-9987-5a987f7d3d42","round":0,"event":"ui:round:action:apply","userId":"281c6195-f06f-4316-b94a-a8bc9ee4528e","actorUid":"e867db4c-dd24-45f5-b082-0a620810954c","targetUid":"2c4f66b1-8fd9-42c6-9487-15340bade088","effectType":"damage","damage":18,"actorAnimId":"e867db4c-dd24-45f5-b082-0a620810954c","targetAnimId":"2c4f66b1-8fd9-42c6-9487-15340bade088","actorHp":195,"targetHp":142}
{"ts":"2026-05-17T17:52:34.431Z","matchId":"a0727f15-c8a1-4f09-9987-5a987f7d3d42","round":0,"event":"ws:round:hit","userId":"281c6195-f06f-4316-b94a-a8bc9ee4528e","actorUid":"e867db4c-dd24-45f5-b082-0a620810954c","targetUid":"2c4f66b1-8fd9-42c6-9487-15340bade088","effectType":"damage","damage":18,"healAmount":0,"shieldAmount":0}
{"ts":"2026-05-17T17:52:34.432Z","matchId":"a0727f15-c8a1-4f09-9987-5a987f7d3d42","round":0,"event":"ui:round:hit:before","userId":"281c6195-f06f-4316-b94a-a8bc9ee4528e","actorUid":"e867db4c-dd24-45f5-b082-0a620810954c","targetUid":"2c4f66b1-8fd9-42c6-9487-15340bade088","effectType":"damage","damage":18,"healAmount":0,"shieldAmount":0,"statusApplied":"","targetHpBefore":142,"targetShieldBefore":60,"actorHpBefore":195,"actorShieldBefore":0,"serverTargetHpAfter":142,"serverTargetShieldAfter":42}
{"ts":"2026-05-17T17:52:34.432Z","matchId":"a0727f15-c8a1-4f09-9987-5a987f7d3d42","round":0,"event":"ws:round:hit","userId":"442244da-f050-4603-9e21-041a3f529383","actorUid":"e867db4c-dd24-45f5-b082-0a620810954c","targetUid":"2c4f66b1-8fd9-42c6-9487-15340bade088","effectType":"damage","damage":18,"healAmount":0,"shieldAmount":0}
{"ts":"2026-05-17T17:52:34.433Z","matchId":"a0727f15-c8a1-4f09-9987-5a987f7d3d42","round":0,"event":"ui:round:hit:before","userId":"442244da-f050-4603-9e21-041a3f529383","actorUid":"e867db4c-dd24-45f5-b082-0a620810954c","targetUid":"2c4f66b1-8fd9-42c6-9487-15340bade088","effectType":"damage","damage":18,"healAmount":0,"shieldAmount":0,"statusApplied":"","targetHpBefore":142,"targetShieldBefore":60,"actorHpBefore":195,"actorShieldBefore":0,"serverTargetHpAfter":142,"serverTargetShieldAfter":42}
{"ts":"2026-05-17T17:52:34.433Z","matchId":"a0727f15-c8a1-4f09-9987-5a987f7d3d42","round":0,"event":"ui:round:hit:after","userId":"442244da-f050-4603-9e21-041a3f529383","targetUid":"2c4f66b1-8fd9-42c6-9487-15340bade088","targetAnimId":"2c4f66b1-8fd9-42c6-9487-15340bade088","targetHp":142,"targetShield":42,"actorUid":"e867db4c-dd24-45f5-b082-0a620810954c","actorAnimId":"e867db4c-dd24-45f5-b082-0a620810954c","actorHp":195,"actorShield":0}
{"ts":"2026-05-17T17:52:34.434Z","matchId":"a0727f15-c8a1-4f09-9987-5a987f7d3d42","round":0,"event":"ui:round:hit:after","userId":"281c6195-f06f-4316-b94a-a8bc9ee4528e","targetUid":"2c4f66b1-8fd9-42c6-9487-15340bade088","targetAnimId":"2c4f66b1-8fd9-42c6-9487-15340bade088","targetHp":142,"targetShield":42,"actorUid":"e867db4c-dd24-45f5-b082-0a620810954c","actorAnimId":"e867db4c-dd24-45f5-b082-0a620810954c","actorHp":195,"actorShield":0}
{"ts":"2026-05-17T17:52:35.236Z","matchId":"a0727f15-c8a1-4f09-9987-5a987f7d3d42","round":1,"event":"ws:round:result","userId":"442244da-f050-4603-9e21-041a3f529383","battleComplete":false,"petStates":6}
{"ts":"2026-05-17T17:52:35.238Z","matchId":"a0727f15-c8a1-4f09-9987-5a987f7d3d42","round":1,"event":"ws:round:result","userId":"281c6195-f06f-4316-b94a-a8bc9ee4528e","battleComplete":false,"petStates":6}
{"ts":"2026-05-17T17:52:35.499Z","matchId":"a0727f15-c8a1-4f09-9987-5a987f7d3d42","round":1,"event":"ui:round:result:start","userId":"442244da-f050-4603-9e21-041a3f529383","battleComplete":false,"pendingSkills":3}
{"ts":"2026-05-17T17:52:35.501Z","matchId":"a0727f15-c8a1-4f09-9987-5a987f7d3d42","round":1,"event":"ui:round:result:start","userId":"281c6195-f06f-4316-b94a-a8bc9ee4528e","battleComplete":false,"pendingSkills":3}
{"ts":"2026-05-17T17:52:35.505Z","matchId":"a0727f15-c8a1-4f09-9987-5a987f7d3d42","round":1,"event":"ui:round:result:done","userId":"442244da-f050-4603-9e21-041a3f529383","battleComplete":false,"newHand":6,"playerEnergy":3,"enemyEnergy":5}
{"ts":"2026-05-17T17:52:35.507Z","matchId":"a0727f15-c8a1-4f09-9987-5a987f7d3d42","round":1,"event":"ui:round:result:done","userId":"281c6195-f06f-4316-b94a-a8bc9ee4528e","battleComplete":false,"newHand":6,"playerEnergy":3,"enemyEnergy":5}
{"ts":"2026-05-17T17:53:05.533Z","matchId":"a0727f15-c8a1-4f09-9987-5a987f7d3d42","round":2,"event":"submit:round","userId":"281c6195-f06f-4316-b94a-a8bc9ee4528e","selectedPets":0,"selectedCards":0}
{"ts":"2026-05-17T17:53:05.541Z","matchId":"a0727f15-c8a1-4f09-9987-5a987f7d3d42","round":2,"event":"submit:round:sent","userId":"281c6195-f06f-4316-b94a-a8bc9ee4528e","selectedPets":0}
{"ts":"2026-05-17T17:53:05.543Z","matchId":"a0727f15-c8a1-4f09-9987-5a987f7d3d42","round":2,"event":"submit:round","userId":"442244da-f050-4603-9e21-041a3f529383","selectedPets":0,"selectedCards":0}
{"ts":"2026-05-17T17:53:05.551Z","matchId":"a0727f15-c8a1-4f09-9987-5a987f7d3d42","round":2,"event":"submit:round:sent","userId":"442244da-f050-4603-9e21-041a3f529383","selectedPets":0}
{"ts":"2026-05-17T17:53:05.582Z","matchId":"a0727f15-c8a1-4f09-9987-5a987f7d3d42","round":2,"event":"ws:round:result","userId":"281c6195-f06f-4316-b94a-a8bc9ee4528e","battleComplete":false,"petStates":6}
{"ts":"2026-05-17T17:53:05.622Z","matchId":"a0727f15-c8a1-4f09-9987-5a987f7d3d42","round":2,"event":"ws:round:result","userId":"442244da-f050-4603-9e21-041a3f529383","battleComplete":false,"petStates":6}
{"ts":"2026-05-17T17:53:05.843Z","matchId":"a0727f15-c8a1-4f09-9987-5a987f7d3d42","round":2,"event":"ui:round:result:start","userId":"281c6195-f06f-4316-b94a-a8bc9ee4528e","battleComplete":false,"pendingSkills":0}
{"ts":"2026-05-17T17:53:05.845Z","matchId":"a0727f15-c8a1-4f09-9987-5a987f7d3d42","round":2,"event":"ui:round:result:done","userId":"281c6195-f06f-4316-b94a-a8bc9ee4528e","battleComplete":false,"newHand":9,"playerEnergy":5,"enemyEnergy":7}
{"ts":"2026-05-17T17:53:05.893Z","matchId":"a0727f15-c8a1-4f09-9987-5a987f7d3d42","round":2,"event":"ui:round:result:start","userId":"442244da-f050-4603-9e21-041a3f529383","battleComplete":false,"pendingSkills":0}
{"ts":"2026-05-17T17:53:05.895Z","matchId":"a0727f15-c8a1-4f09-9987-5a987f7d3d42","round":2,"event":"ui:round:result:done","userId":"442244da-f050-4603-9e21-041a3f529383","battleComplete":false,"newHand":9,"playerEnergy":5,"enemyEnergy":7}
{"ts":"2026-05-17T17:54:05.564Z","matchId":"a0727f15-c8a1-4f09-9987-5a987f7d3d42","round":3,"event":"ws:round:result","userId":"442244da-f050-4603-9e21-041a3f529383","battleComplete":false,"petStates":6}
{"ts":"2026-05-17T17:54:05.567Z","matchId":"a0727f15-c8a1-4f09-9987-5a987f7d3d42","round":3,"event":"ws:round:result","userId":"281c6195-f06f-4316-b94a-a8bc9ee4528e","battleComplete":false,"petStates":6}
{"ts":"2026-05-17T17:54:05.828Z","matchId":"a0727f15-c8a1-4f09-9987-5a987f7d3d42","round":3,"event":"ui:round:result:start","userId":"442244da-f050-4603-9e21-041a3f529383","battleComplete":false,"pendingSkills":0}
{"ts":"2026-05-17T17:54:05.830Z","matchId":"a0727f15-c8a1-4f09-9987-5a987f7d3d42","round":3,"event":"ui:round:result:start","userId":"281c6195-f06f-4316-b94a-a8bc9ee4528e","battleComplete":false,"pendingSkills":0}
{"ts":"2026-05-17T17:54:05.836Z","matchId":"a0727f15-c8a1-4f09-9987-5a987f7d3d42","round":3,"event":"ui:round:result:done","userId":"442244da-f050-4603-9e21-041a3f529383","battleComplete":false,"newHand":10,"playerEnergy":7,"enemyEnergy":9}
{"ts":"2026-05-17T17:54:05.838Z","matchId":"a0727f15-c8a1-4f09-9987-5a987f7d3d42","round":3,"event":"ui:round:result:done","userId":"281c6195-f06f-4316-b94a-a8bc9ee4528e","battleComplete":false,"newHand":10,"playerEnergy":7,"enemyEnergy":9}
{"ts":"2026-05-17T17:54:47.786Z","matchId":"a0727f15-c8a1-4f09-9987-5a987f7d3d42","round":4,"event":"submit:round","userId":"281c6195-f06f-4316-b94a-a8bc9ee4528e","selectedPets":0,"selectedCards":0}
{"ts":"2026-05-17T17:54:47.790Z","matchId":"a0727f15-c8a1-4f09-9987-5a987f7d3d42","round":4,"event":"submit:round:sent","userId":"281c6195-f06f-4316-b94a-a8bc9ee4528e","selectedPets":0}
{"ts":"2026-05-17T17:55:05.577Z","matchId":"a0727f15-c8a1-4f09-9987-5a987f7d3d42","round":4,"event":"ws:round:result","userId":"442244da-f050-4603-9e21-041a3f529383","battleComplete":false,"petStates":6}
{"ts":"2026-05-17T17:55:05.844Z","matchId":"a0727f15-c8a1-4f09-9987-5a987f7d3d42","round":4,"event":"ui:round:result:start","userId":"442244da-f050-4603-9e21-041a3f529383","battleComplete":false,"pendingSkills":0}
{"ts":"2026-05-17T17:55:05.846Z","matchId":"a0727f15-c8a1-4f09-9987-5a987f7d3d42","round":4,"event":"ui:round:result:done","userId":"442244da-f050-4603-9e21-041a3f529383","battleComplete":false,"newHand":10,"playerEnergy":9,"enemyEnergy":9}
{"ts":"2026-05-17T17:56:05.592Z","matchId":"a0727f15-c8a1-4f09-9987-5a987f7d3d42","round":5,"event":"ws:round:result","userId":"442244da-f050-4603-9e21-041a3f529383","battleComplete":false,"petStates":6}
{"ts":"2026-05-17T17:56:05.872Z","matchId":"a0727f15-c8a1-4f09-9987-5a987f7d3d42","round":5,"event":"ui:round:result:start","userId":"442244da-f050-4603-9e21-041a3f529383","battleComplete":false,"pendingSkills":0}
{"ts":"2026-05-17T17:56:05.875Z","matchId":"a0727f15-c8a1-4f09-9987-5a987f7d3d42","round":5,"event":"ui:round:result:done","userId":"442244da-f050-4603-9e21-041a3f529383","battleComplete":false,"newHand":10,"playerEnergy":9,"enemyEnergy":9}
{"ts":"2026-05-17T17:57:05.591Z","matchId":"a0727f15-c8a1-4f09-9987-5a987f7d3d42","round":6,"event":"ws:round:result","userId":"442244da-f050-4603-9e21-041a3f529383","battleComplete":false,"petStates":6}
{"ts":"2026-05-17T17:57:05.853Z","matchId":"a0727f15-c8a1-4f09-9987-5a987f7d3d42","round":6,"event":"ui:round:result:start","userId":"442244da-f050-4603-9e21-041a3f529383","battleComplete":false,"pendingSkills":0}
{"ts":"2026-05-17T17:57:05.861Z","matchId":"a0727f15-c8a1-4f09-9987-5a987f7d3d42","round":6,"event":"ui:round:result:done","userId":"442244da-f050-4603-9e21-041a3f529383","battleComplete":false,"newHand":10,"playerEnergy":9,"enemyEnergy":9}
{"ts":"2026-05-17T17:58:05.597Z","matchId":"a0727f15-c8a1-4f09-9987-5a987f7d3d42","round":7,"event":"ws:round:result","userId":"442244da-f050-4603-9e21-041a3f529383","battleComplete":false,"petStates":6}
{"ts":"2026-05-17T17:58:05.859Z","matchId":"a0727f15-c8a1-4f09-9987-5a987f7d3d42","round":7,"event":"ui:round:result:start","userId":"442244da-f050-4603-9e21-041a3f529383","battleComplete":false,"pendingSkills":0}
{"ts":"2026-05-17T17:58:05.863Z","matchId":"a0727f15-c8a1-4f09-9987-5a987f7d3d42","round":7,"event":"ui:round:result:done","userId":"442244da-f050-4603-9e21-041a3f529383","battleComplete":false,"newHand":10,"playerEnergy":9,"enemyEnergy":9}
{"ts":"2026-05-17T17:59:05.603Z","matchId":"a0727f15-c8a1-4f09-9987-5a987f7d3d42","round":8,"event":"ws:round:result","userId":"442244da-f050-4603-9e21-041a3f529383","battleComplete":false,"petStates":6}
{"ts":"2026-05-17T17:59:05.864Z","matchId":"a0727f15-c8a1-4f09-9987-5a987f7d3d42","round":8,"event":"ui:round:result:start","userId":"442244da-f050-4603-9e21-041a3f529383","battleComplete":false,"pendingSkills":0}
{"ts":"2026-05-17T17:59:05.867Z","matchId":"a0727f15-c8a1-4f09-9987-5a987f7d3d42","round":8,"event":"ui:round:result:done","userId":"442244da-f050-4603-9e21-041a3f529383","battleComplete":false,"newHand":10,"playerEnergy":9,"enemyEnergy":9}
{"ts":"2026-05-17T18:00:05.633Z","matchId":"a0727f15-c8a1-4f09-9987-5a987f7d3d42","round":9,"event":"ws:round:result","userId":"442244da-f050-4603-9e21-041a3f529383","battleComplete":false,"petStates":6}
{"ts":"2026-05-17T18:00:05.895Z","matchId":"a0727f15-c8a1-4f09-9987-5a987f7d3d42","round":9,"event":"ui:round:result:start","userId":"442244da-f050-4603-9e21-041a3f529383","battleComplete":false,"pendingSkills":0}
{"ts":"2026-05-17T18:00:05.898Z","matchId":"a0727f15-c8a1-4f09-9987-5a987f7d3d42","round":9,"event":"ui:round:result:done","userId":"442244da-f050-4603-9e21-041a3f529383","battleComplete":false,"newHand":10,"playerEnergy":9,"enemyEnergy":9}
{"ts":"2026-05-17T18:01:05.631Z","matchId":"a0727f15-c8a1-4f09-9987-5a987f7d3d42","round":10,"event":"ws:round:result","userId":"442244da-f050-4603-9e21-041a3f529383","battleComplete":false,"petStates":6}
{"ts":"2026-05-17T18:01:05.893Z","matchId":"a0727f15-c8a1-4f09-9987-5a987f7d3d42","round":10,"event":"ui:round:result:start","userId":"442244da-f050-4603-9e21-041a3f529383","battleComplete":false,"pendingSkills":0}
{"ts":"2026-05-17T18:01:05.898Z","matchId":"a0727f15-c8a1-4f09-9987-5a987f7d3d42","round":10,"event":"ui:round:result:done","userId":"442244da-f050-4603-9e21-041a3f529383","battleComplete":false,"newHand":10,"playerEnergy":9,"enemyEnergy":9}
{"ts":"2026-05-17T18:02:05.635Z","matchId":"a0727f15-c8a1-4f09-9987-5a987f7d3d42","round":11,"event":"ws:round:result","userId":"442244da-f050-4603-9e21-041a3f529383","battleComplete":false,"petStates":6}
{"ts":"2026-05-17T18:02:05.897Z","matchId":"a0727f15-c8a1-4f09-9987-5a987f7d3d42","round":11,"event":"ui:round:result:start","userId":"442244da-f050-4603-9e21-041a3f529383","battleComplete":false,"pendingSkills":0}
{"ts":"2026-05-17T18:02:05.899Z","matchId":"a0727f15-c8a1-4f09-9987-5a987f7d3d42","round":11,"event":"ui:round:result:done","userId":"442244da-f050-4603-9e21-041a3f529383","battleComplete":false,"newHand":10,"playerEnergy":9,"enemyEnergy":9}
{"ts":"2026-05-17T18:03:05.647Z","matchId":"a0727f15-c8a1-4f09-9987-5a987f7d3d42","round":12,"event":"ws:round:result","userId":"442244da-f050-4603-9e21-041a3f529383","battleComplete":false,"petStates":6}
{"ts":"2026-05-17T18:03:05.910Z","matchId":"a0727f15-c8a1-4f09-9987-5a987f7d3d42","round":12,"event":"ui:round:result:start","userId":"442244da-f050-4603-9e21-041a3f529383","battleComplete":false,"pendingSkills":0}
{"ts":"2026-05-17T18:03:05.920Z","matchId":"a0727f15-c8a1-4f09-9987-5a987f7d3d42","round":12,"event":"ui:round:result:done","userId":"442244da-f050-4603-9e21-041a3f529383","battleComplete":false,"newHand":10,"playerEnergy":9,"enemyEnergy":9}
{"ts":"2026-05-17T18:04:05.651Z","matchId":"a0727f15-c8a1-4f09-9987-5a987f7d3d42","round":13,"event":"ws:round:result","userId":"442244da-f050-4603-9e21-041a3f529383","battleComplete":false,"petStates":6}
{"ts":"2026-05-17T18:04:05.914Z","matchId":"a0727f15-c8a1-4f09-9987-5a987f7d3d42","round":13,"event":"ui:round:result:start","userId":"442244da-f050-4603-9e21-041a3f529383","battleComplete":false,"pendingSkills":0}
{"ts":"2026-05-17T18:04:05.919Z","matchId":"a0727f15-c8a1-4f09-9987-5a987f7d3d42","round":13,"event":"ui:round:result:done","userId":"442244da-f050-4603-9e21-041a3f529383","battleComplete":false,"newHand":10,"playerEnergy":9,"enemyEnergy":9}
{"ts":"2026-05-17T18:05:05.654Z","matchId":"a0727f15-c8a1-4f09-9987-5a987f7d3d42","round":14,"event":"ws:round:result","userId":"442244da-f050-4603-9e21-041a3f529383","battleComplete":false,"petStates":6}
{"ts":"2026-05-17T18:05:05.917Z","matchId":"a0727f15-c8a1-4f09-9987-5a987f7d3d42","round":14,"event":"ui:round:result:start","userId":"442244da-f050-4603-9e21-041a3f529383","battleComplete":false,"pendingSkills":0}
{"ts":"2026-05-17T18:05:05.919Z","matchId":"a0727f15-c8a1-4f09-9987-5a987f7d3d42","round":14,"event":"ui:round:result:done","userId":"442244da-f050-4603-9e21-041a3f529383","battleComplete":false,"newHand":10,"playerEnergy":9,"enemyEnergy":9}
{"ts":"2026-05-17T18:06:05.664Z","matchId":"a0727f15-c8a1-4f09-9987-5a987f7d3d42","round":15,"event":"ws:round:result","userId":"442244da-f050-4603-9e21-041a3f529383","battleComplete":false,"petStates":6}
{"ts":"2026-05-17T18:06:05.926Z","matchId":"a0727f15-c8a1-4f09-9987-5a987f7d3d42","round":15,"event":"ui:round:result:start","userId":"442244da-f050-4603-9e21-041a3f529383","battleComplete":false,"pendingSkills":0}
{"ts":"2026-05-17T18:06:05.928Z","matchId":"a0727f15-c8a1-4f09-9987-5a987f7d3d42","round":15,"event":"ui:round:result:done","userId":"442244da-f050-4603-9e21-041a3f529383","battleComplete":false,"newHand":10,"playerEnergy":9,"enemyEnergy":9}
