{"ts":"2026-05-17T18:21:54.369Z","matchId":"f973ad8c-771d-4331-9bfb-97ae14bffb80","round":0,"event":"battle:init","userId":"281c6195-f06f-4316-b94a-a8bc9ee4528e","myTeam":3,"enemyTeam":3,"isAlpha":true}
{"ts":"2026-05-17T18:22:18.445Z","matchId":"f973ad8c-771d-4331-9bfb-97ae14bffb80","round":1,"event":"submit:round","userId":"281c6195-f06f-4316-b94a-a8bc9ee4528e","selectedPets":2,"selectedCards":4}
{"ts":"2026-05-17T18:22:18.460Z","matchId":"f973ad8c-771d-4331-9bfb-97ae14bffb80","round":1,"event":"submit:round:sent","userId":"281c6195-f06f-4316-b94a-a8bc9ee4528e","selectedPets":2}
{"ts":"2026-05-17T18:22:18.489Z","matchId":"f973ad8c-771d-4331-9bfb-97ae14bffb80","round":0,"event":"ws:round:action","userId":"281c6195-f06f-4316-b94a-a8bc9ee4528e","actorUid":"75a9826c-cd54-4da2-ab40-4e8f56bf0c55","targetUid":"2ab8d1fa-10aa-4400-9721-a82edb0c4ed1","effectType":"damage","damage":98}
{"ts":"2026-05-17T18:22:18.491Z","matchId":"f973ad8c-771d-4331-9bfb-97ae14bffb80","round":0,"event":"ui:round:action:apply","userId":"281c6195-f06f-4316-b94a-a8bc9ee4528e","actorUid":"75a9826c-cd54-4da2-ab40-4e8f56bf0c55","targetUid":"2ab8d1fa-10aa-4400-9721-a82edb0c4ed1","effectType":"damage","damage":98,"actorAnimId":"75a9826c-cd54-4da2-ab40-4e8f56bf0c55","targetAnimId":"2ab8d1fa-10aa-4400-9721-a82edb0c4ed1","actorHp":143,"targetHp":155}
{"ts":"2026-05-17T18:22:19.477Z","matchId":"f973ad8c-771d-4331-9bfb-97ae14bffb80","round":0,"event":"ws:round:hit","userId":"281c6195-f06f-4316-b94a-a8bc9ee4528e","actorUid":"75a9826c-cd54-4da2-ab40-4e8f56bf0c55","targetUid":"2ab8d1fa-10aa-4400-9721-a82edb0c4ed1","effectType":"damage","damage":98,"healAmount":0,"shieldAmount":0}
{"ts":"2026-05-17T18:22:19.477Z","matchId":"f973ad8c-771d-4331-9bfb-97ae14bffb80","round":0,"event":"ui:round:hit:before","userId":"281c6195-f06f-4316-b94a-a8bc9ee4528e","actorUid":"75a9826c-cd54-4da2-ab40-4e8f56bf0c55","targetUid":"2ab8d1fa-10aa-4400-9721-a82edb0c4ed1","effectType":"damage","damage":98,"healAmount":0,"shieldAmount":0,"statusApplied":"","targetHpBefore":155,"targetShieldBefore":0,"actorHpBefore":143,"actorShieldBefore":0,"serverTargetHpAfter":57,"serverTargetShieldAfter":0}
{"ts":"2026-05-17T18:22:19.478Z","matchId":"f973ad8c-771d-4331-9bfb-97ae14bffb80","round":0,"event":"ui:round:hit:after","userId":"281c6195-f06f-4316-b94a-a8bc9ee4528e","targetUid":"2ab8d1fa-10aa-4400-9721-a82edb0c4ed1","targetAnimId":"2ab8d1fa-10aa-4400-9721-a82edb0c4ed1","targetHp":57,"targetShield":0,"actorUid":"75a9826c-cd54-4da2-ab40-4e8f56bf0c55","actorAnimId":"75a9826c-cd54-4da2-ab40-4e8f56bf0c55","actorHp":143,"actorShield":0}
{"ts":"2026-05-17T18:22:20.278Z","matchId":"f973ad8c-771d-4331-9bfb-97ae14bffb80","round":0,"event":"ws:round:action","userId":"281c6195-f06f-4316-b94a-a8bc9ee4528e","actorUid":"2c4f66b1-8fd9-42c6-9487-15340bade088","targetUid":"0f291d2a-b198-4c23-9424-3e454e82eb27","effectType":"damage","damage":116}
{"ts":"2026-05-17T18:22:20.281Z","matchId":"f973ad8c-771d-4331-9bfb-97ae14bffb80","round":0,"event":"ui:round:action:apply","userId":"281c6195-f06f-4316-b94a-a8bc9ee4528e","actorUid":"2c4f66b1-8fd9-42c6-9487-15340bade088","targetUid":"0f291d2a-b198-4c23-9424-3e454e82eb27","effectType":"damage","damage":116,"actorAnimId":"2c4f66b1-8fd9-42c6-9487-15340bade088","targetAnimId":"0f291d2a-b198-4c23-9424-3e454e82eb27","actorHp":142,"targetHp":144}
{"ts":"2026-05-17T18:22:21.290Z","matchId":"f973ad8c-771d-4331-9bfb-97ae14bffb80","round":0,"event":"ws:round:hit","userId":"281c6195-f06f-4316-b94a-a8bc9ee4528e","actorUid":"2c4f66b1-8fd9-42c6-9487-15340bade088","targetUid":"0f291d2a-b198-4c23-9424-3e454e82eb27","effectType":"damage","damage":116,"healAmount":0,"shieldAmount":0}
{"ts":"2026-05-17T18:22:21.291Z","matchId":"f973ad8c-771d-4331-9bfb-97ae14bffb80","round":0,"event":"ui:round:hit:before","userId":"281c6195-f06f-4316-b94a-a8bc9ee4528e","actorUid":"2c4f66b1-8fd9-42c6-9487-15340bade088","targetUid":"0f291d2a-b198-4c23-9424-3e454e82eb27","effectType":"damage","damage":116,"healAmount":0,"shieldAmount":0,"statusApplied":"","targetHpBefore":144,"targetShieldBefore":0,"actorHpBefore":142,"actorShieldBefore":0,"serverTargetHpAfter":28,"serverTargetShieldAfter":0}
{"ts":"2026-05-17T18:22:21.293Z","matchId":"f973ad8c-771d-4331-9bfb-97ae14bffb80","round":0,"event":"ui:round:hit:after","userId":"281c6195-f06f-4316-b94a-a8bc9ee4528e","targetUid":"0f291d2a-b198-4c23-9424-3e454e82eb27","targetAnimId":"0f291d2a-b198-4c23-9424-3e454e82eb27","targetHp":28,"targetShield":0,"actorUid":"2c4f66b1-8fd9-42c6-9487-15340bade088","actorAnimId":"2c4f66b1-8fd9-42c6-9487-15340bade088","actorHp":142,"actorShield":0}
{"ts":"2026-05-17T18:22:22.092Z","matchId":"f973ad8c-771d-4331-9bfb-97ae14bffb80","round":0,"event":"ws:round:action","userId":"281c6195-f06f-4316-b94a-a8bc9ee4528e","actorUid":"6ec3b958-ff4e-45b2-b4e3-7a18fe128c05","targetUid":"0f291d2a-b198-4c23-9424-3e454e82eb27","effectType":"damage","damage":58}
{"ts":"2026-05-17T18:22:22.094Z","matchId":"f973ad8c-771d-4331-9bfb-97ae14bffb80","round":0,"event":"ui:round:action:apply","userId":"281c6195-f06f-4316-b94a-a8bc9ee4528e","actorUid":"6ec3b958-ff4e-45b2-b4e3-7a18fe128c05","targetUid":"0f291d2a-b198-4c23-9424-3e454e82eb27","effectType":"damage","damage":58,"actorAnimId":"6ec3b958-ff4e-45b2-b4e3-7a18fe128c05","targetAnimId":"0f291d2a-b198-4c23-9424-3e454e82eb27","actorHp":159,"targetHp":28}
{"ts":"2026-05-17T18:22:23.098Z","matchId":"f973ad8c-771d-4331-9bfb-97ae14bffb80","round":0,"event":"ws:round:hit","userId":"281c6195-f06f-4316-b94a-a8bc9ee4528e","actorUid":"6ec3b958-ff4e-45b2-b4e3-7a18fe128c05","targetUid":"0f291d2a-b198-4c23-9424-3e454e82eb27","effectType":"damage","damage":58,"healAmount":0,"shieldAmount":0}
{"ts":"2026-05-17T18:22:23.100Z","matchId":"f973ad8c-771d-4331-9bfb-97ae14bffb80","round":0,"event":"ui:round:hit:before","userId":"281c6195-f06f-4316-b94a-a8bc9ee4528e","actorUid":"6ec3b958-ff4e-45b2-b4e3-7a18fe128c05","targetUid":"0f291d2a-b198-4c23-9424-3e454e82eb27","effectType":"damage","damage":58,"healAmount":0,"shieldAmount":0,"statusApplied":"","targetHpBefore":28,"targetShieldBefore":0,"actorHpBefore":159,"actorShieldBefore":0,"serverTargetHpAfter":0,"serverTargetShieldAfter":0}
{"ts":"2026-05-17T18:22:23.101Z","matchId":"f973ad8c-771d-4331-9bfb-97ae14bffb80","round":0,"event":"ui:round:hit:after","userId":"281c6195-f06f-4316-b94a-a8bc9ee4528e","targetUid":"0f291d2a-b198-4c23-9424-3e454e82eb27","targetAnimId":"0f291d2a-b198-4c23-9424-3e454e82eb27","targetHp":0,"targetShield":0,"actorUid":"6ec3b958-ff4e-45b2-b4e3-7a18fe128c05","actorAnimId":"6ec3b958-ff4e-45b2-b4e3-7a18fe128c05","actorHp":159,"actorShield":0}
{"ts":"2026-05-17T18:22:23.905Z","matchId":"f973ad8c-771d-4331-9bfb-97ae14bffb80","round":0,"event":"ws:round:action","userId":"281c6195-f06f-4316-b94a-a8bc9ee4528e","actorUid":"e867db4c-dd24-45f5-b082-0a620810954c","targetUid":"2ab8d1fa-10aa-4400-9721-a82edb0c4ed1","effectType":"damage","damage":38}
{"ts":"2026-05-17T18:22:23.908Z","matchId":"f973ad8c-771d-4331-9bfb-97ae14bffb80","round":0,"event":"ui:round:action:apply","userId":"281c6195-f06f-4316-b94a-a8bc9ee4528e","actorUid":"e867db4c-dd24-45f5-b082-0a620810954c","targetUid":"2ab8d1fa-10aa-4400-9721-a82edb0c4ed1","effectType":"damage","damage":38,"actorAnimId":"e867db4c-dd24-45f5-b082-0a620810954c","targetAnimId":"2ab8d1fa-10aa-4400-9721-a82edb0c4ed1","actorHp":195,"targetHp":57}
{"ts":"2026-05-17T18:22:24.913Z","matchId":"f973ad8c-771d-4331-9bfb-97ae14bffb80","round":0,"event":"ws:round:hit","userId":"281c6195-f06f-4316-b94a-a8bc9ee4528e","actorUid":"e867db4c-dd24-45f5-b082-0a620810954c","targetUid":"2ab8d1fa-10aa-4400-9721-a82edb0c4ed1","effectType":"damage","damage":38,"healAmount":0,"shieldAmount":0}
{"ts":"2026-05-17T18:22:24.915Z","matchId":"f973ad8c-771d-4331-9bfb-97ae14bffb80","round":0,"event":"ui:round:hit:before","userId":"281c6195-f06f-4316-b94a-a8bc9ee4528e","actorUid":"e867db4c-dd24-45f5-b082-0a620810954c","targetUid":"2ab8d1fa-10aa-4400-9721-a82edb0c4ed1","effectType":"damage","damage":38,"healAmount":0,"shieldAmount":0,"statusApplied":"","targetHpBefore":57,"targetShieldBefore":0,"actorHpBefore":195,"actorShieldBefore":0,"serverTargetHpAfter":19,"serverTargetShieldAfter":0}
{"ts":"2026-05-17T18:22:24.917Z","matchId":"f973ad8c-771d-4331-9bfb-97ae14bffb80","round":0,"event":"ui:round:hit:after","userId":"281c6195-f06f-4316-b94a-a8bc9ee4528e","targetUid":"2ab8d1fa-10aa-4400-9721-a82edb0c4ed1","targetAnimId":"2ab8d1fa-10aa-4400-9721-a82edb0c4ed1","targetHp":19,"targetShield":0,"actorUid":"e867db4c-dd24-45f5-b082-0a620810954c","actorAnimId":"e867db4c-dd24-45f5-b082-0a620810954c","actorHp":195,"actorShield":0}
{"ts":"2026-05-17T18:22:25.758Z","matchId":"f973ad8c-771d-4331-9bfb-97ae14bffb80","round":0,"event":"ws:round:action","userId":"281c6195-f06f-4316-b94a-a8bc9ee4528e","actorUid":"2ab8d1fa-10aa-4400-9721-a82edb0c4ed1","targetUid":"2ab8d1fa-10aa-4400-9721-a82edb0c4ed1","effectType":"def_up","damage":0}
{"ts":"2026-05-17T18:22:25.761Z","matchId":"f973ad8c-771d-4331-9bfb-97ae14bffb80","round":0,"event":"ui:round:action:apply","userId":"281c6195-f06f-4316-b94a-a8bc9ee4528e","actorUid":"2ab8d1fa-10aa-4400-9721-a82edb0c4ed1","targetUid":"2ab8d1fa-10aa-4400-9721-a82edb0c4ed1","effectType":"def_up","damage":0,"actorAnimId":"2ab8d1fa-10aa-4400-9721-a82edb0c4ed1","targetAnimId":"2ab8d1fa-10aa-4400-9721-a82edb0c4ed1","actorHp":19,"targetHp":19}
{"ts":"2026-05-17T18:22:26.740Z","matchId":"f973ad8c-771d-4331-9bfb-97ae14bffb80","round":0,"event":"ws:round:hit","userId":"281c6195-f06f-4316-b94a-a8bc9ee4528e","actorUid":"2ab8d1fa-10aa-4400-9721-a82edb0c4ed1","targetUid":"2ab8d1fa-10aa-4400-9721-a82edb0c4ed1","effectType":"def_up","damage":0,"healAmount":0,"shieldAmount":0}
{"ts":"2026-05-17T18:22:26.741Z","matchId":"f973ad8c-771d-4331-9bfb-97ae14bffb80","round":0,"event":"ui:round:hit:before","userId":"281c6195-f06f-4316-b94a-a8bc9ee4528e","actorUid":"2ab8d1fa-10aa-4400-9721-a82edb0c4ed1","targetUid":"2ab8d1fa-10aa-4400-9721-a82edb0c4ed1","effectType":"def_up","damage":0,"healAmount":0,"shieldAmount":0,"statusApplied":"def_up","targetHpBefore":19,"targetShieldBefore":0,"actorHpBefore":19,"actorShieldBefore":0,"serverTargetHpAfter":19,"serverTargetShieldAfter":0}
{"ts":"2026-05-17T18:22:26.748Z","matchId":"f973ad8c-771d-4331-9bfb-97ae14bffb80","round":0,"event":"ui:round:hit:after","userId":"281c6195-f06f-4316-b94a-a8bc9ee4528e","targetUid":"2ab8d1fa-10aa-4400-9721-a82edb0c4ed1","targetAnimId":"2ab8d1fa-10aa-4400-9721-a82edb0c4ed1","targetHp":19,"targetShield":0,"actorUid":"2ab8d1fa-10aa-4400-9721-a82edb0c4ed1","actorAnimId":"2ab8d1fa-10aa-4400-9721-a82edb0c4ed1","actorHp":19,"actorShield":0}
{"ts":"2026-05-17T18:22:27.551Z","matchId":"f973ad8c-771d-4331-9bfb-97ae14bffb80","round":1,"event":"ws:round:result","userId":"281c6195-f06f-4316-b94a-a8bc9ee4528e","battleComplete":false,"petStates":6}
{"ts":"2026-05-17T18:22:27.814Z","matchId":"f973ad8c-771d-4331-9bfb-97ae14bffb80","round":1,"event":"ui:round:result:start","userId":"281c6195-f06f-4316-b94a-a8bc9ee4528e","battleComplete":false,"pendingSkills":2}
{"ts":"2026-05-17T18:22:27.819Z","matchId":"f973ad8c-771d-4331-9bfb-97ae14bffb80","round":1,"event":"ui:round:result:done","userId":"281c6195-f06f-4316-b94a-a8bc9ee4528e","battleComplete":false,"newHand":5,"playerEnergy":2,"enemyEnergy":5}
{"ts":"2026-05-17T18:22:38.862Z","matchId":"f973ad8c-771d-4331-9bfb-97ae14bffb80","round":2,"event":"submit:round","userId":"281c6195-f06f-4316-b94a-a8bc9ee4528e","selectedPets":1,"selectedCards":1}
{"ts":"2026-05-17T18:22:38.865Z","matchId":"f973ad8c-771d-4331-9bfb-97ae14bffb80","round":2,"event":"submit:round:sent","userId":"281c6195-f06f-4316-b94a-a8bc9ee4528e","selectedPets":1}
{"ts":"2026-05-17T18:22:40.646Z","matchId":"f973ad8c-771d-4331-9bfb-97ae14bffb80","round":1,"event":"ws:round:action","userId":"281c6195-f06f-4316-b94a-a8bc9ee4528e","actorUid":"e867db4c-dd24-45f5-b082-0a620810954c","targetUid":"2ab8d1fa-10aa-4400-9721-a82edb0c4ed1","effectType":"damage","damage":68}
{"ts":"2026-05-17T18:22:40.648Z","matchId":"f973ad8c-771d-4331-9bfb-97ae14bffb80","round":1,"event":"ui:round:action:apply","userId":"281c6195-f06f-4316-b94a-a8bc9ee4528e","actorUid":"e867db4c-dd24-45f5-b082-0a620810954c","targetUid":"2ab8d1fa-10aa-4400-9721-a82edb0c4ed1","effectType":"damage","damage":68,"actorAnimId":"e867db4c-dd24-45f5-b082-0a620810954c","targetAnimId":"2ab8d1fa-10aa-4400-9721-a82edb0c4ed1","actorHp":195,"targetHp":19}
{"ts":"2026-05-17T18:22:41.650Z","matchId":"f973ad8c-771d-4331-9bfb-97ae14bffb80","round":1,"event":"ws:round:hit","userId":"281c6195-f06f-4316-b94a-a8bc9ee4528e","actorUid":"e867db4c-dd24-45f5-b082-0a620810954c","targetUid":"2ab8d1fa-10aa-4400-9721-a82edb0c4ed1","effectType":"damage","damage":68,"healAmount":0,"shieldAmount":0}
{"ts":"2026-05-17T18:22:41.653Z","matchId":"f973ad8c-771d-4331-9bfb-97ae14bffb80","round":1,"event":"ui:round:hit:before","userId":"281c6195-f06f-4316-b94a-a8bc9ee4528e","actorUid":"e867db4c-dd24-45f5-b082-0a620810954c","targetUid":"2ab8d1fa-10aa-4400-9721-a82edb0c4ed1","effectType":"damage","damage":68,"healAmount":0,"shieldAmount":0,"statusApplied":"","targetHpBefore":19,"targetShieldBefore":0,"actorHpBefore":195,"actorShieldBefore":0,"serverTargetHpAfter":0,"serverTargetShieldAfter":0}
{"ts":"2026-05-17T18:22:41.659Z","matchId":"f973ad8c-771d-4331-9bfb-97ae14bffb80","round":1,"event":"ui:round:hit:after","userId":"281c6195-f06f-4316-b94a-a8bc9ee4528e","targetUid":"2ab8d1fa-10aa-4400-9721-a82edb0c4ed1","targetAnimId":"2ab8d1fa-10aa-4400-9721-a82edb0c4ed1","targetHp":0,"targetShield":0,"actorUid":"e867db4c-dd24-45f5-b082-0a620810954c","actorAnimId":"e867db4c-dd24-45f5-b082-0a620810954c","actorHp":195,"actorShield":0}
{"ts":"2026-05-17T18:22:42.456Z","matchId":"f973ad8c-771d-4331-9bfb-97ae14bffb80","round":2,"event":"ws:round:result","userId":"281c6195-f06f-4316-b94a-a8bc9ee4528e","battleComplete":false,"petStates":6}
{"ts":"2026-05-17T18:22:42.719Z","matchId":"f973ad8c-771d-4331-9bfb-97ae14bffb80","round":2,"event":"ui:round:result:start","userId":"281c6195-f06f-4316-b94a-a8bc9ee4528e","battleComplete":false,"pendingSkills":1}
{"ts":"2026-05-17T18:22:42.721Z","matchId":"f973ad8c-771d-4331-9bfb-97ae14bffb80","round":2,"event":"ui:round:result:done","userId":"281c6195-f06f-4316-b94a-a8bc9ee4528e","battleComplete":false,"newHand":7,"playerEnergy":3,"enemyEnergy":7}
{"ts":"2026-05-17T18:22:50.030Z","matchId":"f973ad8c-771d-4331-9bfb-97ae14bffb80","round":3,"event":"submit:round","userId":"281c6195-f06f-4316-b94a-a8bc9ee4528e","selectedPets":1,"selectedCards":1}
{"ts":"2026-05-17T18:22:50.034Z","matchId":"f973ad8c-771d-4331-9bfb-97ae14bffb80","round":3,"event":"submit:round:sent","userId":"281c6195-f06f-4316-b94a-a8bc9ee4528e","selectedPets":1}
{"ts":"2026-05-17T18:22:52.247Z","matchId":"f973ad8c-771d-4331-9bfb-97ae14bffb80","round":2,"event":"ws:round:action","userId":"281c6195-f06f-4316-b94a-a8bc9ee4528e","actorUid":"e867db4c-dd24-45f5-b082-0a620810954c","targetUid":"2c4f66b1-8fd9-42c6-9487-15340bade088","effectType":"damage","damage":68}
{"ts":"2026-05-17T18:22:52.248Z","matchId":"f973ad8c-771d-4331-9bfb-97ae14bffb80","round":2,"event":"ui:round:action:apply","userId":"281c6195-f06f-4316-b94a-a8bc9ee4528e","actorUid":"e867db4c-dd24-45f5-b082-0a620810954c","targetUid":"2c4f66b1-8fd9-42c6-9487-15340bade088","effectType":"damage","damage":68,"actorAnimId":"e867db4c-dd24-45f5-b082-0a620810954c","targetAnimId":"2c4f66b1-8fd9-42c6-9487-15340bade088","actorHp":195,"targetHp":142}
{"ts":"2026-05-17T18:22:53.253Z","matchId":"f973ad8c-771d-4331-9bfb-97ae14bffb80","round":2,"event":"ws:round:hit","userId":"281c6195-f06f-4316-b94a-a8bc9ee4528e","actorUid":"e867db4c-dd24-45f5-b082-0a620810954c","targetUid":"2c4f66b1-8fd9-42c6-9487-15340bade088","effectType":"damage","damage":68,"healAmount":0,"shieldAmount":0}
{"ts":"2026-05-17T18:22:53.254Z","matchId":"f973ad8c-771d-4331-9bfb-97ae14bffb80","round":2,"event":"ui:round:hit:before","userId":"281c6195-f06f-4316-b94a-a8bc9ee4528e","actorUid":"e867db4c-dd24-45f5-b082-0a620810954c","targetUid":"2c4f66b1-8fd9-42c6-9487-15340bade088","effectType":"damage","damage":68,"healAmount":0,"shieldAmount":0,"statusApplied":"","targetHpBefore":142,"targetShieldBefore":0,"actorHpBefore":195,"actorShieldBefore":0,"serverTargetHpAfter":74,"serverTargetShieldAfter":0}
{"ts":"2026-05-17T18:22:53.260Z","matchId":"f973ad8c-771d-4331-9bfb-97ae14bffb80","round":2,"event":"ui:round:hit:after","userId":"281c6195-f06f-4316-b94a-a8bc9ee4528e","targetUid":"2c4f66b1-8fd9-42c6-9487-15340bade088","targetAnimId":"2c4f66b1-8fd9-42c6-9487-15340bade088","targetHp":74,"targetShield":0,"actorUid":"e867db4c-dd24-45f5-b082-0a620810954c","actorAnimId":"e867db4c-dd24-45f5-b082-0a620810954c","actorHp":195,"actorShield":0}
{"ts":"2026-05-17T18:22:54.066Z","matchId":"f973ad8c-771d-4331-9bfb-97ae14bffb80","round":3,"event":"ws:round:result","userId":"281c6195-f06f-4316-b94a-a8bc9ee4528e","battleComplete":false,"petStates":6}
{"ts":"2026-05-17T18:22:54.333Z","matchId":"f973ad8c-771d-4331-9bfb-97ae14bffb80","round":3,"event":"ui:round:result:start","userId":"281c6195-f06f-4316-b94a-a8bc9ee4528e","battleComplete":false,"pendingSkills":1}
{"ts":"2026-05-17T18:22:54.334Z","matchId":"f973ad8c-771d-4331-9bfb-97ae14bffb80","round":3,"event":"ui:round:result:done","userId":"281c6195-f06f-4316-b94a-a8bc9ee4528e","battleComplete":false,"newHand":9,"playerEnergy":4,"enemyEnergy":9}
{"ts":"2026-05-17T18:23:49.098Z","matchId":"f973ad8c-771d-4331-9bfb-97ae14bffb80","round":4,"event":"submit:round","userId":"281c6195-f06f-4316-b94a-a8bc9ee4528e","selectedPets":0,"selectedCards":0}
{"ts":"2026-05-17T18:23:49.102Z","matchId":"f973ad8c-771d-4331-9bfb-97ae14bffb80","round":4,"event":"submit:round:sent","userId":"281c6195-f06f-4316-b94a-a8bc9ee4528e","selectedPets":0}
{"ts":"2026-05-17T18:23:49.170Z","matchId":"f973ad8c-771d-4331-9bfb-97ae14bffb80","round":4,"event":"ws:round:result","userId":"281c6195-f06f-4316-b94a-a8bc9ee4528e","battleComplete":false,"petStates":6}
{"ts":"2026-05-17T18:23:49.631Z","matchId":"f973ad8c-771d-4331-9bfb-97ae14bffb80","round":4,"event":"ui:round:result:start","userId":"281c6195-f06f-4316-b94a-a8bc9ee4528e","battleComplete":false,"pendingSkills":0}
{"ts":"2026-05-17T18:23:49.634Z","matchId":"f973ad8c-771d-4331-9bfb-97ae14bffb80","round":4,"event":"ui:round:result:done","userId":"281c6195-f06f-4316-b94a-a8bc9ee4528e","battleComplete":false,"newHand":10,"playerEnergy":6,"enemyEnergy":9}
{"ts":"2026-05-17T18:24:19.434Z","matchId":"f973ad8c-771d-4331-9bfb-97ae14bffb80","round":5,"event":"submit:round","userId":"281c6195-f06f-4316-b94a-a8bc9ee4528e","selectedPets":0,"selectedCards":0}
{"ts":"2026-05-17T18:24:19.438Z","matchId":"f973ad8c-771d-4331-9bfb-97ae14bffb80","round":5,"event":"submit:round:sent","userId":"281c6195-f06f-4316-b94a-a8bc9ee4528e","selectedPets":0}
{"ts":"2026-05-17T18:24:19.594Z","matchId":"f973ad8c-771d-4331-9bfb-97ae14bffb80","round":5,"event":"ws:round:result","userId":"281c6195-f06f-4316-b94a-a8bc9ee4528e","battleComplete":false,"petStates":6}
{"ts":"2026-05-17T18:24:19.868Z","matchId":"f973ad8c-771d-4331-9bfb-97ae14bffb80","round":5,"event":"ui:round:result:start","userId":"281c6195-f06f-4316-b94a-a8bc9ee4528e","battleComplete":false,"pendingSkills":0}
{"ts":"2026-05-17T18:24:19.870Z","matchId":"f973ad8c-771d-4331-9bfb-97ae14bffb80","round":5,"event":"ui:round:result:done","userId":"281c6195-f06f-4316-b94a-a8bc9ee4528e","battleComplete":false,"newHand":10,"playerEnergy":8,"enemyEnergy":9}
{"ts":"2026-05-17T18:24:49.908Z","matchId":"f973ad8c-771d-4331-9bfb-97ae14bffb80","round":6,"event":"submit:round","userId":"281c6195-f06f-4316-b94a-a8bc9ee4528e","selectedPets":0,"selectedCards":0}
{"ts":"2026-05-17T18:24:49.914Z","matchId":"f973ad8c-771d-4331-9bfb-97ae14bffb80","round":6,"event":"submit:round:sent","userId":"281c6195-f06f-4316-b94a-a8bc9ee4528e","selectedPets":0}
{"ts":"2026-05-17T18:24:50.032Z","matchId":"f973ad8c-771d-4331-9bfb-97ae14bffb80","round":6,"event":"ws:round:result","userId":"281c6195-f06f-4316-b94a-a8bc9ee4528e","battleComplete":false,"petStates":6}
{"ts":"2026-05-17T18:24:50.290Z","matchId":"f973ad8c-771d-4331-9bfb-97ae14bffb80","round":6,"event":"ui:round:result:start","userId":"281c6195-f06f-4316-b94a-a8bc9ee4528e","battleComplete":false,"pendingSkills":0}
{"ts":"2026-05-17T18:24:50.299Z","matchId":"f973ad8c-771d-4331-9bfb-97ae14bffb80","round":6,"event":"ui:round:result:done","userId":"281c6195-f06f-4316-b94a-a8bc9ee4528e","battleComplete":false,"newHand":10,"playerEnergy":9,"enemyEnergy":9}
{"ts":"2026-05-17T18:25:40.689Z","matchId":"f973ad8c-771d-4331-9bfb-97ae14bffb80","round":7,"event":"submit:round","userId":"281c6195-f06f-4316-b94a-a8bc9ee4528e","selectedPets":0,"selectedCards":0}
{"ts":"2026-05-17T18:25:40.697Z","matchId":"f973ad8c-771d-4331-9bfb-97ae14bffb80","round":7,"event":"submit:round:sent","userId":"281c6195-f06f-4316-b94a-a8bc9ee4528e","selectedPets":0}
{"ts":"2026-05-17T18:25:40.874Z","matchId":"f973ad8c-771d-4331-9bfb-97ae14bffb80","round":7,"event":"ws:round:result","userId":"281c6195-f06f-4316-b94a-a8bc9ee4528e","battleComplete":false,"petStates":6}
{"ts":"2026-05-17T18:25:41.297Z","matchId":"f973ad8c-771d-4331-9bfb-97ae14bffb80","round":7,"event":"ui:round:result:start","userId":"281c6195-f06f-4316-b94a-a8bc9ee4528e","battleComplete":false,"pendingSkills":0}
{"ts":"2026-05-17T18:25:41.299Z","matchId":"f973ad8c-771d-4331-9bfb-97ae14bffb80","round":7,"event":"ui:round:result:done","userId":"281c6195-f06f-4316-b94a-a8bc9ee4528e","battleComplete":false,"newHand":10,"playerEnergy":9,"enemyEnergy":9}
{"ts":"2026-05-17T18:26:11.197Z","matchId":"f973ad8c-771d-4331-9bfb-97ae14bffb80","round":8,"event":"submit:round","userId":"281c6195-f06f-4316-b94a-a8bc9ee4528e","selectedPets":0,"selectedCards":0}
{"ts":"2026-05-17T18:26:11.204Z","matchId":"f973ad8c-771d-4331-9bfb-97ae14bffb80","round":8,"event":"submit:round:sent","userId":"281c6195-f06f-4316-b94a-a8bc9ee4528e","selectedPets":0}
{"ts":"2026-05-17T18:26:11.231Z","matchId":"f973ad8c-771d-4331-9bfb-97ae14bffb80","round":8,"event":"ws:round:result","userId":"281c6195-f06f-4316-b94a-a8bc9ee4528e","battleComplete":false,"petStates":6}
{"ts":"2026-05-17T18:26:11.493Z","matchId":"f973ad8c-771d-4331-9bfb-97ae14bffb80","round":8,"event":"ui:round:result:start","userId":"281c6195-f06f-4316-b94a-a8bc9ee4528e","battleComplete":false,"pendingSkills":0}
{"ts":"2026-05-17T18:26:11.495Z","matchId":"f973ad8c-771d-4331-9bfb-97ae14bffb80","round":8,"event":"ui:round:result:done","userId":"281c6195-f06f-4316-b94a-a8bc9ee4528e","battleComplete":false,"newHand":10,"playerEnergy":9,"enemyEnergy":9}
{"ts":"2026-05-17T18:26:41.541Z","matchId":"f973ad8c-771d-4331-9bfb-97ae14bffb80","round":9,"event":"submit:round","userId":"281c6195-f06f-4316-b94a-a8bc9ee4528e","selectedPets":0,"selectedCards":0}
{"ts":"2026-05-17T18:26:41.547Z","matchId":"f973ad8c-771d-4331-9bfb-97ae14bffb80","round":9,"event":"submit:round:sent","userId":"281c6195-f06f-4316-b94a-a8bc9ee4528e","selectedPets":0}
{"ts":"2026-05-17T18:26:41.573Z","matchId":"f973ad8c-771d-4331-9bfb-97ae14bffb80","round":9,"event":"ws:round:result","userId":"281c6195-f06f-4316-b94a-a8bc9ee4528e","battleComplete":false,"petStates":6}
{"ts":"2026-05-17T18:26:41.835Z","matchId":"f973ad8c-771d-4331-9bfb-97ae14bffb80","round":9,"event":"ui:round:result:start","userId":"281c6195-f06f-4316-b94a-a8bc9ee4528e","battleComplete":false,"pendingSkills":0}
{"ts":"2026-05-17T18:26:41.836Z","matchId":"f973ad8c-771d-4331-9bfb-97ae14bffb80","round":9,"event":"ui:round:result:done","userId":"281c6195-f06f-4316-b94a-a8bc9ee4528e","battleComplete":false,"newHand":10,"playerEnergy":9,"enemyEnergy":9}
{"ts":"2026-05-17T18:27:41.572Z","matchId":"f973ad8c-771d-4331-9bfb-97ae14bffb80","round":10,"event":"ws:round:result","userId":"281c6195-f06f-4316-b94a-a8bc9ee4528e","battleComplete":false,"petStates":6}
{"ts":"2026-05-17T18:27:41.833Z","matchId":"f973ad8c-771d-4331-9bfb-97ae14bffb80","round":10,"event":"ui:round:result:start","userId":"281c6195-f06f-4316-b94a-a8bc9ee4528e","battleComplete":false,"pendingSkills":0}
{"ts":"2026-05-17T18:27:41.835Z","matchId":"f973ad8c-771d-4331-9bfb-97ae14bffb80","round":10,"event":"ui:round:result:done","userId":"281c6195-f06f-4316-b94a-a8bc9ee4528e","battleComplete":false,"newHand":10,"playerEnergy":9,"enemyEnergy":9}
{"ts":"2026-05-17T18:28:41.595Z","matchId":"f973ad8c-771d-4331-9bfb-97ae14bffb80","round":11,"event":"ws:round:result","userId":"281c6195-f06f-4316-b94a-a8bc9ee4528e","battleComplete":false,"petStates":6}
{"ts":"2026-05-17T18:28:41.861Z","matchId":"f973ad8c-771d-4331-9bfb-97ae14bffb80","round":11,"event":"ui:round:result:start","userId":"281c6195-f06f-4316-b94a-a8bc9ee4528e","battleComplete":false,"pendingSkills":0}
{"ts":"2026-05-17T18:28:41.869Z","matchId":"f973ad8c-771d-4331-9bfb-97ae14bffb80","round":11,"event":"ui:round:result:done","userId":"281c6195-f06f-4316-b94a-a8bc9ee4528e","battleComplete":false,"newHand":10,"playerEnergy":9,"enemyEnergy":9}
{"ts":"2026-05-17T18:29:41.606Z","matchId":"f973ad8c-771d-4331-9bfb-97ae14bffb80","round":12,"event":"ws:round:result","userId":"281c6195-f06f-4316-b94a-a8bc9ee4528e","battleComplete":false,"petStates":6}
{"ts":"2026-05-17T18:29:41.867Z","matchId":"f973ad8c-771d-4331-9bfb-97ae14bffb80","round":12,"event":"ui:round:result:start","userId":"281c6195-f06f-4316-b94a-a8bc9ee4528e","battleComplete":false,"pendingSkills":0}
{"ts":"2026-05-17T18:29:41.872Z","matchId":"f973ad8c-771d-4331-9bfb-97ae14bffb80","round":12,"event":"ui:round:result:done","userId":"281c6195-f06f-4316-b94a-a8bc9ee4528e","battleComplete":false,"newHand":10,"playerEnergy":9,"enemyEnergy":9}
