{"ts":"2026-05-17T17:49:11.431Z","matchId":"1784d02c-0e88-49b3-806c-04769dc4f349","round":0,"event":"battle:init","userId":"281c6195-f06f-4316-b94a-a8bc9ee4528e","myTeam":3,"enemyTeam":3,"isAlpha":true}
{"ts":"2026-05-17T17:49:19.853Z","matchId":"1784d02c-0e88-49b3-806c-04769dc4f349","round":1,"event":"submit:round","userId":"281c6195-f06f-4316-b94a-a8bc9ee4528e","selectedPets":1,"selectedCards":1}
{"ts":"2026-05-17T17:49:19.856Z","matchId":"1784d02c-0e88-49b3-806c-04769dc4f349","round":1,"event":"submit:round:sent","userId":"281c6195-f06f-4316-b94a-a8bc9ee4528e","selectedPets":1}
{"ts":"2026-05-17T17:49:21.349Z","matchId":"1784d02c-0e88-49b3-806c-04769dc4f349","round":0,"event":"ws:round:action","userId":"281c6195-f06f-4316-b94a-a8bc9ee4528e","actorUid":"6ec3b958-ff4e-45b2-b4e3-7a18fe128c05","targetUid":"0f291d2a-b198-4c23-9424-3e454e82eb27","effectType":"damage","damage":120}
{"ts":"2026-05-17T17:49:21.352Z","matchId":"1784d02c-0e88-49b3-806c-04769dc4f349","round":0,"event":"ui:round:action:apply","userId":"281c6195-f06f-4316-b94a-a8bc9ee4528e","actorUid":"6ec3b958-ff4e-45b2-b4e3-7a18fe128c05","targetUid":"0f291d2a-b198-4c23-9424-3e454e82eb27","effectType":"damage","damage":120,"actorAnimId":"6ec3b958-ff4e-45b2-b4e3-7a18fe128c05","targetAnimId":"0f291d2a-b198-4c23-9424-3e454e82eb27","actorHp":159,"targetHp":144}
{"ts":"2026-05-17T17:49:22.352Z","matchId":"1784d02c-0e88-49b3-806c-04769dc4f349","round":0,"event":"ws:round:hit","userId":"281c6195-f06f-4316-b94a-a8bc9ee4528e","actorUid":"6ec3b958-ff4e-45b2-b4e3-7a18fe128c05","targetUid":"0f291d2a-b198-4c23-9424-3e454e82eb27","effectType":"damage","damage":120,"healAmount":0,"shieldAmount":0}
{"ts":"2026-05-17T17:49:22.355Z","matchId":"1784d02c-0e88-49b3-806c-04769dc4f349","round":0,"event":"ui:round:hit:before","userId":"281c6195-f06f-4316-b94a-a8bc9ee4528e","actorUid":"6ec3b958-ff4e-45b2-b4e3-7a18fe128c05","targetUid":"0f291d2a-b198-4c23-9424-3e454e82eb27","effectType":"damage","damage":120,"healAmount":0,"shieldAmount":0,"statusApplied":"","targetHpBefore":144,"targetShieldBefore":0,"actorHpBefore":159,"actorShieldBefore":0,"serverTargetHpAfter":24,"serverTargetShieldAfter":0}
{"ts":"2026-05-17T17:49:22.356Z","matchId":"1784d02c-0e88-49b3-806c-04769dc4f349","round":0,"event":"ui:round:hit:after","userId":"281c6195-f06f-4316-b94a-a8bc9ee4528e","targetUid":"0f291d2a-b198-4c23-9424-3e454e82eb27","targetAnimId":"0f291d2a-b198-4c23-9424-3e454e82eb27","targetHp":24,"targetShield":0,"actorUid":"6ec3b958-ff4e-45b2-b4e3-7a18fe128c05","actorAnimId":"6ec3b958-ff4e-45b2-b4e3-7a18fe128c05","actorHp":159,"actorShield":20}
{"ts":"2026-05-17T17:49:23.167Z","matchId":"1784d02c-0e88-49b3-806c-04769dc4f349","round":0,"event":"ws:round:action","userId":"281c6195-f06f-4316-b94a-a8bc9ee4528e","actorUid":"e867db4c-dd24-45f5-b082-0a620810954c","targetUid":"2ab8d1fa-10aa-4400-9721-a82edb0c4ed1","effectType":"damage","damage":68}
{"ts":"2026-05-17T17:49:23.170Z","matchId":"1784d02c-0e88-49b3-806c-04769dc4f349","round":0,"event":"ui:round:action:apply","userId":"281c6195-f06f-4316-b94a-a8bc9ee4528e","actorUid":"e867db4c-dd24-45f5-b082-0a620810954c","targetUid":"2ab8d1fa-10aa-4400-9721-a82edb0c4ed1","effectType":"damage","damage":68,"actorAnimId":"e867db4c-dd24-45f5-b082-0a620810954c","targetAnimId":"2ab8d1fa-10aa-4400-9721-a82edb0c4ed1","actorHp":195,"targetHp":155}
{"ts":"2026-05-17T17:49:24.168Z","matchId":"1784d02c-0e88-49b3-806c-04769dc4f349","round":0,"event":"ws:round:hit","userId":"281c6195-f06f-4316-b94a-a8bc9ee4528e","actorUid":"e867db4c-dd24-45f5-b082-0a620810954c","targetUid":"2ab8d1fa-10aa-4400-9721-a82edb0c4ed1","effectType":"damage","damage":68,"healAmount":0,"shieldAmount":0}
{"ts":"2026-05-17T17:49:24.169Z","matchId":"1784d02c-0e88-49b3-806c-04769dc4f349","round":0,"event":"ui:round:hit:before","userId":"281c6195-f06f-4316-b94a-a8bc9ee4528e","actorUid":"e867db4c-dd24-45f5-b082-0a620810954c","targetUid":"2ab8d1fa-10aa-4400-9721-a82edb0c4ed1","effectType":"damage","damage":68,"healAmount":0,"shieldAmount":0,"statusApplied":"","targetHpBefore":155,"targetShieldBefore":0,"actorHpBefore":195,"actorShieldBefore":60,"serverTargetHpAfter":87,"serverTargetShieldAfter":0}
{"ts":"2026-05-17T17:49:24.170Z","matchId":"1784d02c-0e88-49b3-806c-04769dc4f349","round":0,"event":"ui:round:hit:after","userId":"281c6195-f06f-4316-b94a-a8bc9ee4528e","targetUid":"2ab8d1fa-10aa-4400-9721-a82edb0c4ed1","targetAnimId":"2ab8d1fa-10aa-4400-9721-a82edb0c4ed1","targetHp":87,"targetShield":0,"actorUid":"e867db4c-dd24-45f5-b082-0a620810954c","actorAnimId":"e867db4c-dd24-45f5-b082-0a620810954c","actorHp":195,"actorShield":60}
{"ts":"2026-05-17T17:49:24.976Z","matchId":"1784d02c-0e88-49b3-806c-04769dc4f349","round":1,"event":"ws:round:result","userId":"281c6195-f06f-4316-b94a-a8bc9ee4528e","battleComplete":false,"petStates":6}
{"ts":"2026-05-17T17:49:25.239Z","matchId":"1784d02c-0e88-49b3-806c-04769dc4f349","round":1,"event":"ui:round:result:start","userId":"281c6195-f06f-4316-b94a-a8bc9ee4528e","battleComplete":false,"pendingSkills":1}
{"ts":"2026-05-17T17:49:25.242Z","matchId":"1784d02c-0e88-49b3-806c-04769dc4f349","round":1,"event":"ui:round:result:done","userId":"281c6195-f06f-4316-b94a-a8bc9ee4528e","battleComplete":false,"newHand":8,"playerEnergy":4,"enemyEnergy":5}
{"ts":"2026-05-17T17:49:41.700Z","matchId":"1784d02c-0e88-49b3-806c-04769dc4f349","round":2,"event":"submit:round","userId":"281c6195-f06f-4316-b94a-a8bc9ee4528e","selectedPets":1,"selectedCards":1}
{"ts":"2026-05-17T17:49:41.704Z","matchId":"1784d02c-0e88-49b3-806c-04769dc4f349","round":2,"event":"submit:round:sent","userId":"281c6195-f06f-4316-b94a-a8bc9ee4528e","selectedPets":1}
{"ts":"2026-05-17T17:49:43.687Z","matchId":"1784d02c-0e88-49b3-806c-04769dc4f349","round":1,"event":"ws:round:action","userId":"281c6195-f06f-4316-b94a-a8bc9ee4528e","actorUid":"75a9826c-cd54-4da2-ab40-4e8f56bf0c55","targetUid":"2ab8d1fa-10aa-4400-9721-a82edb0c4ed1","effectType":"damage","damage":120}
{"ts":"2026-05-17T17:49:43.689Z","matchId":"1784d02c-0e88-49b3-806c-04769dc4f349","round":1,"event":"ui:round:action:apply","userId":"281c6195-f06f-4316-b94a-a8bc9ee4528e","actorUid":"75a9826c-cd54-4da2-ab40-4e8f56bf0c55","targetUid":"2ab8d1fa-10aa-4400-9721-a82edb0c4ed1","effectType":"damage","damage":120,"actorAnimId":"75a9826c-cd54-4da2-ab40-4e8f56bf0c55","targetAnimId":"2ab8d1fa-10aa-4400-9721-a82edb0c4ed1","actorHp":143,"targetHp":87}
{"ts":"2026-05-17T17:49:44.697Z","matchId":"1784d02c-0e88-49b3-806c-04769dc4f349","round":1,"event":"ws:round:hit","userId":"281c6195-f06f-4316-b94a-a8bc9ee4528e","actorUid":"75a9826c-cd54-4da2-ab40-4e8f56bf0c55","targetUid":"2ab8d1fa-10aa-4400-9721-a82edb0c4ed1","effectType":"damage","damage":120,"healAmount":0,"shieldAmount":0}
{"ts":"2026-05-17T17:49:44.698Z","matchId":"1784d02c-0e88-49b3-806c-04769dc4f349","round":1,"event":"ui:round:hit:before","userId":"281c6195-f06f-4316-b94a-a8bc9ee4528e","actorUid":"75a9826c-cd54-4da2-ab40-4e8f56bf0c55","targetUid":"2ab8d1fa-10aa-4400-9721-a82edb0c4ed1","effectType":"damage","damage":120,"healAmount":0,"shieldAmount":0,"statusApplied":"","targetHpBefore":87,"targetShieldBefore":0,"actorHpBefore":143,"actorShieldBefore":25,"serverTargetHpAfter":0,"serverTargetShieldAfter":0}
{"ts":"2026-05-17T17:49:44.698Z","matchId":"1784d02c-0e88-49b3-806c-04769dc4f349","round":1,"event":"ui:round:hit:after","userId":"281c6195-f06f-4316-b94a-a8bc9ee4528e","targetUid":"2ab8d1fa-10aa-4400-9721-a82edb0c4ed1","targetAnimId":"2ab8d1fa-10aa-4400-9721-a82edb0c4ed1","targetHp":0,"targetShield":0,"actorUid":"75a9826c-cd54-4da2-ab40-4e8f56bf0c55","actorAnimId":"75a9826c-cd54-4da2-ab40-4e8f56bf0c55","actorHp":143,"actorShield":25}
{"ts":"2026-05-17T17:49:45.505Z","matchId":"1784d02c-0e88-49b3-806c-04769dc4f349","round":1,"event":"ws:round:action","userId":"281c6195-f06f-4316-b94a-a8bc9ee4528e","actorUid":"6ec3b958-ff4e-45b2-b4e3-7a18fe128c05","targetUid":"0f291d2a-b198-4c23-9424-3e454e82eb27","effectType":"damage","damage":119}
{"ts":"2026-05-17T17:49:45.508Z","matchId":"1784d02c-0e88-49b3-806c-04769dc4f349","round":1,"event":"ui:round:action:apply","userId":"281c6195-f06f-4316-b94a-a8bc9ee4528e","actorUid":"6ec3b958-ff4e-45b2-b4e3-7a18fe128c05","targetUid":"0f291d2a-b198-4c23-9424-3e454e82eb27","effectType":"damage","damage":119,"actorAnimId":"6ec3b958-ff4e-45b2-b4e3-7a18fe128c05","targetAnimId":"0f291d2a-b198-4c23-9424-3e454e82eb27","actorHp":159,"targetHp":24}
{"ts":"2026-05-17T17:49:46.509Z","matchId":"1784d02c-0e88-49b3-806c-04769dc4f349","round":1,"event":"ws:round:hit","userId":"281c6195-f06f-4316-b94a-a8bc9ee4528e","actorUid":"6ec3b958-ff4e-45b2-b4e3-7a18fe128c05","targetUid":"0f291d2a-b198-4c23-9424-3e454e82eb27","effectType":"damage","damage":119,"healAmount":0,"shieldAmount":0}
{"ts":"2026-05-17T17:49:46.510Z","matchId":"1784d02c-0e88-49b3-806c-04769dc4f349","round":1,"event":"ui:round:hit:before","userId":"281c6195-f06f-4316-b94a-a8bc9ee4528e","actorUid":"6ec3b958-ff4e-45b2-b4e3-7a18fe128c05","targetUid":"0f291d2a-b198-4c23-9424-3e454e82eb27","effectType":"damage","damage":119,"healAmount":0,"shieldAmount":0,"statusApplied":"","targetHpBefore":24,"targetShieldBefore":0,"actorHpBefore":159,"actorShieldBefore":20,"serverTargetHpAfter":0,"serverTargetShieldAfter":0}
{"ts":"2026-05-17T17:49:46.511Z","matchId":"1784d02c-0e88-49b3-806c-04769dc4f349","round":1,"event":"ui:round:hit:after","userId":"281c6195-f06f-4316-b94a-a8bc9ee4528e","targetUid":"0f291d2a-b198-4c23-9424-3e454e82eb27","targetAnimId":"0f291d2a-b198-4c23-9424-3e454e82eb27","targetHp":0,"targetShield":0,"actorUid":"6ec3b958-ff4e-45b2-b4e3-7a18fe128c05","actorAnimId":"6ec3b958-ff4e-45b2-b4e3-7a18fe128c05","actorHp":159,"actorShield":40}
{"ts":"2026-05-17T17:49:47.313Z","matchId":"1784d02c-0e88-49b3-806c-04769dc4f349","round":2,"event":"ws:round:result","userId":"281c6195-f06f-4316-b94a-a8bc9ee4528e","battleComplete":false,"petStates":6}
{"ts":"2026-05-17T17:49:47.573Z","matchId":"1784d02c-0e88-49b3-806c-04769dc4f349","round":2,"event":"ui:round:result:start","userId":"281c6195-f06f-4316-b94a-a8bc9ee4528e","battleComplete":false,"pendingSkills":1}
{"ts":"2026-05-17T17:49:47.578Z","matchId":"1784d02c-0e88-49b3-806c-04769dc4f349","round":2,"event":"ui:round:result:done","userId":"281c6195-f06f-4316-b94a-a8bc9ee4528e","battleComplete":false,"newHand":10,"playerEnergy":5,"enemyEnergy":7}
{"ts":"2026-05-17T17:50:17.623Z","matchId":"1784d02c-0e88-49b3-806c-04769dc4f349","round":3,"event":"submit:round","userId":"281c6195-f06f-4316-b94a-a8bc9ee4528e","selectedPets":0,"selectedCards":0}
{"ts":"2026-05-17T17:50:17.627Z","matchId":"1784d02c-0e88-49b3-806c-04769dc4f349","round":3,"event":"submit:round:sent","userId":"281c6195-f06f-4316-b94a-a8bc9ee4528e","selectedPets":0}
{"ts":"2026-05-17T17:50:17.667Z","matchId":"1784d02c-0e88-49b3-806c-04769dc4f349","round":3,"event":"ws:round:result","userId":"281c6195-f06f-4316-b94a-a8bc9ee4528e","battleComplete":false,"petStates":6}
{"ts":"2026-05-17T17:50:17.932Z","matchId":"1784d02c-0e88-49b3-806c-04769dc4f349","round":3,"event":"ui:round:result:start","userId":"281c6195-f06f-4316-b94a-a8bc9ee4528e","battleComplete":false,"pendingSkills":0}
{"ts":"2026-05-17T17:50:17.935Z","matchId":"1784d02c-0e88-49b3-806c-04769dc4f349","round":3,"event":"ui:round:result:done","userId":"281c6195-f06f-4316-b94a-a8bc9ee4528e","battleComplete":false,"newHand":10,"playerEnergy":7,"enemyEnergy":9}
{"ts":"2026-05-17T17:50:48.628Z","matchId":"1784d02c-0e88-49b3-806c-04769dc4f349","round":4,"event":"submit:round","userId":"281c6195-f06f-4316-b94a-a8bc9ee4528e","selectedPets":0,"selectedCards":0}
{"ts":"2026-05-17T17:50:48.631Z","matchId":"1784d02c-0e88-49b3-806c-04769dc4f349","round":4,"event":"submit:round:sent","userId":"281c6195-f06f-4316-b94a-a8bc9ee4528e","selectedPets":0}
{"ts":"2026-05-17T17:50:48.718Z","matchId":"1784d02c-0e88-49b3-806c-04769dc4f349","round":4,"event":"ws:round:result","userId":"281c6195-f06f-4316-b94a-a8bc9ee4528e","battleComplete":false,"petStates":6}
{"ts":"2026-05-17T17:50:48.986Z","matchId":"1784d02c-0e88-49b3-806c-04769dc4f349","round":4,"event":"ui:round:result:start","userId":"281c6195-f06f-4316-b94a-a8bc9ee4528e","battleComplete":false,"pendingSkills":0}
{"ts":"2026-05-17T17:50:49.017Z","matchId":"1784d02c-0e88-49b3-806c-04769dc4f349","round":4,"event":"ui:round:result:done","userId":"281c6195-f06f-4316-b94a-a8bc9ee4528e","battleComplete":false,"newHand":10,"playerEnergy":9,"enemyEnergy":9}
{"ts":"2026-05-17T17:51:21.596Z","matchId":"1784d02c-0e88-49b3-806c-04769dc4f349","round":5,"event":"submit:round","userId":"281c6195-f06f-4316-b94a-a8bc9ee4528e","selectedPets":0,"selectedCards":0}
{"ts":"2026-05-17T17:51:21.645Z","matchId":"1784d02c-0e88-49b3-806c-04769dc4f349","round":5,"event":"submit:round:sent","userId":"281c6195-f06f-4316-b94a-a8bc9ee4528e","selectedPets":0}
{"ts":"2026-05-17T17:51:22.012Z","matchId":"1784d02c-0e88-49b3-806c-04769dc4f349","round":5,"event":"ws:round:result","userId":"281c6195-f06f-4316-b94a-a8bc9ee4528e","battleComplete":false,"petStates":6}
{"ts":"2026-05-17T17:51:22.283Z","matchId":"1784d02c-0e88-49b3-806c-04769dc4f349","round":5,"event":"ui:round:result:start","userId":"281c6195-f06f-4316-b94a-a8bc9ee4528e","battleComplete":false,"pendingSkills":0}
{"ts":"2026-05-17T17:51:22.314Z","matchId":"1784d02c-0e88-49b3-806c-04769dc4f349","round":5,"event":"ui:round:result:done","userId":"281c6195-f06f-4316-b94a-a8bc9ee4528e","battleComplete":false,"newHand":10,"playerEnergy":9,"enemyEnergy":9}
{"ts":"2026-05-17T17:51:52.296Z","matchId":"1784d02c-0e88-49b3-806c-04769dc4f349","round":6,"event":"submit:round","userId":"281c6195-f06f-4316-b94a-a8bc9ee4528e","selectedPets":0,"selectedCards":0}
{"ts":"2026-05-17T17:51:52.301Z","matchId":"1784d02c-0e88-49b3-806c-04769dc4f349","round":6,"event":"submit:round:sent","userId":"281c6195-f06f-4316-b94a-a8bc9ee4528e","selectedPets":0}
{"ts":"2026-05-17T17:51:52.372Z","matchId":"1784d02c-0e88-49b3-806c-04769dc4f349","round":6,"event":"ws:round:result","userId":"281c6195-f06f-4316-b94a-a8bc9ee4528e","battleComplete":false,"petStates":6}
{"ts":"2026-05-17T17:51:52.635Z","matchId":"1784d02c-0e88-49b3-806c-04769dc4f349","round":6,"event":"ui:round:result:start","userId":"281c6195-f06f-4316-b94a-a8bc9ee4528e","battleComplete":false,"pendingSkills":0}
{"ts":"2026-05-17T17:51:52.636Z","matchId":"1784d02c-0e88-49b3-806c-04769dc4f349","round":6,"event":"ui:round:result:done","userId":"281c6195-f06f-4316-b94a-a8bc9ee4528e","battleComplete":false,"newHand":10,"playerEnergy":9,"enemyEnergy":9}
