{"ts":"2026-05-17T17:49:11.433Z","matchId":"1784d02c-0e88-49b3-806c-04769dc4f349","round":0,"event":"battle:init","userId":"442244da-f050-4603-9e21-041a3f529383","myTeam":3,"enemyTeam":3,"isAlpha":false}
{"ts":"2026-05-17T17:49:21.342Z","matchId":"1784d02c-0e88-49b3-806c-04769dc4f349","round":1,"event":"submit:round","userId":"442244da-f050-4603-9e21-041a3f529383","selectedPets":1,"selectedCards":1}
{"ts":"2026-05-17T17:49:21.345Z","matchId":"1784d02c-0e88-49b3-806c-04769dc4f349","round":1,"event":"submit:round:sent","userId":"442244da-f050-4603-9e21-041a3f529383","selectedPets":1}
{"ts":"2026-05-17T17:49:21.451Z","matchId":"1784d02c-0e88-49b3-806c-04769dc4f349","round":0,"event":"ws:round:action","userId":"442244da-f050-4603-9e21-041a3f529383","actorUid":"6ec3b958-ff4e-45b2-b4e3-7a18fe128c05","targetUid":"0f291d2a-b198-4c23-9424-3e454e82eb27","effectType":"damage","damage":120}
{"ts":"2026-05-17T17:49:21.462Z","matchId":"1784d02c-0e88-49b3-806c-04769dc4f349","round":0,"event":"ui:round:action:apply","userId":"442244da-f050-4603-9e21-041a3f529383","actorUid":"6ec3b958-ff4e-45b2-b4e3-7a18fe128c05","targetUid":"0f291d2a-b198-4c23-9424-3e454e82eb27","effectType":"damage","damage":120,"actorAnimId":"6ec3b958-ff4e-45b2-b4e3-7a18fe128c05","targetAnimId":"0f291d2a-b198-4c23-9424-3e454e82eb27","actorHp":159,"targetHp":144}
{"ts":"2026-05-17T17:49:22.354Z","matchId":"1784d02c-0e88-49b3-806c-04769dc4f349","round":0,"event":"ws:round:hit","userId":"442244da-f050-4603-9e21-041a3f529383","actorUid":"6ec3b958-ff4e-45b2-b4e3-7a18fe128c05","targetUid":"0f291d2a-b198-4c23-9424-3e454e82eb27","effectType":"damage","damage":120,"healAmount":0,"shieldAmount":0}
{"ts":"2026-05-17T17:49:22.354Z","matchId":"1784d02c-0e88-49b3-806c-04769dc4f349","round":0,"event":"ui:round:hit:before","userId":"442244da-f050-4603-9e21-041a3f529383","actorUid":"6ec3b958-ff4e-45b2-b4e3-7a18fe128c05","targetUid":"0f291d2a-b198-4c23-9424-3e454e82eb27","effectType":"damage","damage":120,"healAmount":0,"shieldAmount":0,"statusApplied":"","targetHpBefore":144,"targetShieldBefore":0,"actorHpBefore":159,"actorShieldBefore":20,"serverTargetHpAfter":24,"serverTargetShieldAfter":0}
{"ts":"2026-05-17T17:49:22.356Z","matchId":"1784d02c-0e88-49b3-806c-04769dc4f349","round":0,"event":"ui:round:hit:after","userId":"442244da-f050-4603-9e21-041a3f529383","targetUid":"0f291d2a-b198-4c23-9424-3e454e82eb27","targetAnimId":"0f291d2a-b198-4c23-9424-3e454e82eb27","targetHp":24,"targetShield":0,"actorUid":"6ec3b958-ff4e-45b2-b4e3-7a18fe128c05","actorAnimId":"6ec3b958-ff4e-45b2-b4e3-7a18fe128c05","actorHp":159,"actorShield":20}
{"ts":"2026-05-17T17:49:23.158Z","matchId":"1784d02c-0e88-49b3-806c-04769dc4f349","round":0,"event":"ws:round:action","userId":"442244da-f050-4603-9e21-041a3f529383","actorUid":"e867db4c-dd24-45f5-b082-0a620810954c","targetUid":"2ab8d1fa-10aa-4400-9721-a82edb0c4ed1","effectType":"damage","damage":68}
{"ts":"2026-05-17T17:49:23.160Z","matchId":"1784d02c-0e88-49b3-806c-04769dc4f349","round":0,"event":"ui:round:action:apply","userId":"442244da-f050-4603-9e21-041a3f529383","actorUid":"e867db4c-dd24-45f5-b082-0a620810954c","targetUid":"2ab8d1fa-10aa-4400-9721-a82edb0c4ed1","effectType":"damage","damage":68,"actorAnimId":"e867db4c-dd24-45f5-b082-0a620810954c","targetAnimId":"2ab8d1fa-10aa-4400-9721-a82edb0c4ed1","actorHp":195,"targetHp":155}
{"ts":"2026-05-17T17:49:24.167Z","matchId":"1784d02c-0e88-49b3-806c-04769dc4f349","round":0,"event":"ws:round:hit","userId":"442244da-f050-4603-9e21-041a3f529383","actorUid":"e867db4c-dd24-45f5-b082-0a620810954c","targetUid":"2ab8d1fa-10aa-4400-9721-a82edb0c4ed1","effectType":"damage","damage":68,"healAmount":0,"shieldAmount":0}
{"ts":"2026-05-17T17:49:24.168Z","matchId":"1784d02c-0e88-49b3-806c-04769dc4f349","round":0,"event":"ui:round:hit:before","userId":"442244da-f050-4603-9e21-041a3f529383","actorUid":"e867db4c-dd24-45f5-b082-0a620810954c","targetUid":"2ab8d1fa-10aa-4400-9721-a82edb0c4ed1","effectType":"damage","damage":68,"healAmount":0,"shieldAmount":0,"statusApplied":"","targetHpBefore":155,"targetShieldBefore":0,"actorHpBefore":195,"actorShieldBefore":0,"serverTargetHpAfter":87,"serverTargetShieldAfter":0}
{"ts":"2026-05-17T17:49:24.171Z","matchId":"1784d02c-0e88-49b3-806c-04769dc4f349","round":0,"event":"ui:round:hit:after","userId":"442244da-f050-4603-9e21-041a3f529383","targetUid":"2ab8d1fa-10aa-4400-9721-a82edb0c4ed1","targetAnimId":"2ab8d1fa-10aa-4400-9721-a82edb0c4ed1","targetHp":87,"targetShield":0,"actorUid":"e867db4c-dd24-45f5-b082-0a620810954c","actorAnimId":"e867db4c-dd24-45f5-b082-0a620810954c","actorHp":195,"actorShield":60}
{"ts":"2026-05-17T17:49:24.970Z","matchId":"1784d02c-0e88-49b3-806c-04769dc4f349","round":1,"event":"ws:round:result","userId":"442244da-f050-4603-9e21-041a3f529383","battleComplete":false,"petStates":6}
{"ts":"2026-05-17T17:49:25.233Z","matchId":"1784d02c-0e88-49b3-806c-04769dc4f349","round":1,"event":"ui:round:result:start","userId":"442244da-f050-4603-9e21-041a3f529383","battleComplete":false,"pendingSkills":1}
{"ts":"2026-05-17T17:49:25.237Z","matchId":"1784d02c-0e88-49b3-806c-04769dc4f349","round":1,"event":"ui:round:result:done","userId":"442244da-f050-4603-9e21-041a3f529383","battleComplete":false,"newHand":8,"playerEnergy":4,"enemyEnergy":5}
{"ts":"2026-05-17T17:49:43.673Z","matchId":"1784d02c-0e88-49b3-806c-04769dc4f349","round":2,"event":"submit:round","userId":"442244da-f050-4603-9e21-041a3f529383","selectedPets":1,"selectedCards":1}
{"ts":"2026-05-17T17:49:43.681Z","matchId":"1784d02c-0e88-49b3-806c-04769dc4f349","round":2,"event":"submit:round:sent","userId":"442244da-f050-4603-9e21-041a3f529383","selectedPets":1}
{"ts":"2026-05-17T17:49:43.711Z","matchId":"1784d02c-0e88-49b3-806c-04769dc4f349","round":1,"event":"ws:round:action","userId":"442244da-f050-4603-9e21-041a3f529383","actorUid":"75a9826c-cd54-4da2-ab40-4e8f56bf0c55","targetUid":"2ab8d1fa-10aa-4400-9721-a82edb0c4ed1","effectType":"damage","damage":120}
{"ts":"2026-05-17T17:49:43.716Z","matchId":"1784d02c-0e88-49b3-806c-04769dc4f349","round":1,"event":"ui:round:action:apply","userId":"442244da-f050-4603-9e21-041a3f529383","actorUid":"75a9826c-cd54-4da2-ab40-4e8f56bf0c55","targetUid":"2ab8d1fa-10aa-4400-9721-a82edb0c4ed1","effectType":"damage","damage":120,"actorAnimId":"75a9826c-cd54-4da2-ab40-4e8f56bf0c55","targetAnimId":"2ab8d1fa-10aa-4400-9721-a82edb0c4ed1","actorHp":143,"targetHp":87}
{"ts":"2026-05-17T17:49:44.693Z","matchId":"1784d02c-0e88-49b3-806c-04769dc4f349","round":1,"event":"ws:round:hit","userId":"442244da-f050-4603-9e21-041a3f529383","actorUid":"75a9826c-cd54-4da2-ab40-4e8f56bf0c55","targetUid":"2ab8d1fa-10aa-4400-9721-a82edb0c4ed1","effectType":"damage","damage":120,"healAmount":0,"shieldAmount":0}
{"ts":"2026-05-17T17:49:44.696Z","matchId":"1784d02c-0e88-49b3-806c-04769dc4f349","round":1,"event":"ui:round:hit:before","userId":"442244da-f050-4603-9e21-041a3f529383","actorUid":"75a9826c-cd54-4da2-ab40-4e8f56bf0c55","targetUid":"2ab8d1fa-10aa-4400-9721-a82edb0c4ed1","effectType":"damage","damage":120,"healAmount":0,"shieldAmount":0,"statusApplied":"","targetHpBefore":87,"targetShieldBefore":0,"actorHpBefore":143,"actorShieldBefore":0,"serverTargetHpAfter":0,"serverTargetShieldAfter":0}
{"ts":"2026-05-17T17:49:44.702Z","matchId":"1784d02c-0e88-49b3-806c-04769dc4f349","round":1,"event":"ui:round:hit:after","userId":"442244da-f050-4603-9e21-041a3f529383","targetUid":"2ab8d1fa-10aa-4400-9721-a82edb0c4ed1","targetAnimId":"2ab8d1fa-10aa-4400-9721-a82edb0c4ed1","targetHp":0,"targetShield":0,"actorUid":"75a9826c-cd54-4da2-ab40-4e8f56bf0c55","actorAnimId":"75a9826c-cd54-4da2-ab40-4e8f56bf0c55","actorHp":143,"actorShield":25}
{"ts":"2026-05-17T17:49:45.501Z","matchId":"1784d02c-0e88-49b3-806c-04769dc4f349","round":1,"event":"ws:round:action","userId":"442244da-f050-4603-9e21-041a3f529383","actorUid":"6ec3b958-ff4e-45b2-b4e3-7a18fe128c05","targetUid":"0f291d2a-b198-4c23-9424-3e454e82eb27","effectType":"damage","damage":119}
{"ts":"2026-05-17T17:49:45.503Z","matchId":"1784d02c-0e88-49b3-806c-04769dc4f349","round":1,"event":"ui:round:action:apply","userId":"442244da-f050-4603-9e21-041a3f529383","actorUid":"6ec3b958-ff4e-45b2-b4e3-7a18fe128c05","targetUid":"0f291d2a-b198-4c23-9424-3e454e82eb27","effectType":"damage","damage":119,"actorAnimId":"6ec3b958-ff4e-45b2-b4e3-7a18fe128c05","targetAnimId":"0f291d2a-b198-4c23-9424-3e454e82eb27","actorHp":159,"targetHp":24}
{"ts":"2026-05-17T17:49:46.511Z","matchId":"1784d02c-0e88-49b3-806c-04769dc4f349","round":1,"event":"ws:round:hit","userId":"442244da-f050-4603-9e21-041a3f529383","actorUid":"6ec3b958-ff4e-45b2-b4e3-7a18fe128c05","targetUid":"0f291d2a-b198-4c23-9424-3e454e82eb27","effectType":"damage","damage":119,"healAmount":0,"shieldAmount":0}
{"ts":"2026-05-17T17:49:46.512Z","matchId":"1784d02c-0e88-49b3-806c-04769dc4f349","round":1,"event":"ui:round:hit:before","userId":"442244da-f050-4603-9e21-041a3f529383","actorUid":"6ec3b958-ff4e-45b2-b4e3-7a18fe128c05","targetUid":"0f291d2a-b198-4c23-9424-3e454e82eb27","effectType":"damage","damage":119,"healAmount":0,"shieldAmount":0,"statusApplied":"","targetHpBefore":24,"targetShieldBefore":0,"actorHpBefore":159,"actorShieldBefore":40,"serverTargetHpAfter":0,"serverTargetShieldAfter":0}
{"ts":"2026-05-17T17:49:46.513Z","matchId":"1784d02c-0e88-49b3-806c-04769dc4f349","round":1,"event":"ui:round:hit:after","userId":"442244da-f050-4603-9e21-041a3f529383","targetUid":"0f291d2a-b198-4c23-9424-3e454e82eb27","targetAnimId":"0f291d2a-b198-4c23-9424-3e454e82eb27","targetHp":0,"targetShield":0,"actorUid":"6ec3b958-ff4e-45b2-b4e3-7a18fe128c05","actorAnimId":"6ec3b958-ff4e-45b2-b4e3-7a18fe128c05","actorHp":159,"actorShield":40}
{"ts":"2026-05-17T17:49:47.312Z","matchId":"1784d02c-0e88-49b3-806c-04769dc4f349","round":2,"event":"ws:round:result","userId":"442244da-f050-4603-9e21-041a3f529383","battleComplete":false,"petStates":6}
{"ts":"2026-05-17T17:49:47.576Z","matchId":"1784d02c-0e88-49b3-806c-04769dc4f349","round":2,"event":"ui:round:result:start","userId":"442244da-f050-4603-9e21-041a3f529383","battleComplete":false,"pendingSkills":1}
{"ts":"2026-05-17T17:49:47.579Z","matchId":"1784d02c-0e88-49b3-806c-04769dc4f349","round":2,"event":"ui:round:result:done","userId":"442244da-f050-4603-9e21-041a3f529383","battleComplete":false,"newHand":10,"playerEnergy":5,"enemyEnergy":7}
{"ts":"2026-05-17T17:50:17.635Z","matchId":"1784d02c-0e88-49b3-806c-04769dc4f349","round":3,"event":"submit:round","userId":"442244da-f050-4603-9e21-041a3f529383","selectedPets":0,"selectedCards":0}
{"ts":"2026-05-17T17:50:17.642Z","matchId":"1784d02c-0e88-49b3-806c-04769dc4f349","round":3,"event":"submit:round:sent","userId":"442244da-f050-4603-9e21-041a3f529383","selectedPets":0}
{"ts":"2026-05-17T17:50:17.690Z","matchId":"1784d02c-0e88-49b3-806c-04769dc4f349","round":3,"event":"ws:round:result","userId":"442244da-f050-4603-9e21-041a3f529383","battleComplete":false,"petStates":6}
{"ts":"2026-05-17T17:50:17.952Z","matchId":"1784d02c-0e88-49b3-806c-04769dc4f349","round":3,"event":"ui:round:result:start","userId":"442244da-f050-4603-9e21-041a3f529383","battleComplete":false,"pendingSkills":0}
{"ts":"2026-05-17T17:50:17.954Z","matchId":"1784d02c-0e88-49b3-806c-04769dc4f349","round":3,"event":"ui:round:result:done","userId":"442244da-f050-4603-9e21-041a3f529383","battleComplete":false,"newHand":10,"playerEnergy":7,"enemyEnergy":9}
{"ts":"2026-05-17T17:50:48.633Z","matchId":"1784d02c-0e88-49b3-806c-04769dc4f349","round":4,"event":"submit:round","userId":"442244da-f050-4603-9e21-041a3f529383","selectedPets":0,"selectedCards":0}
{"ts":"2026-05-17T17:50:48.694Z","matchId":"1784d02c-0e88-49b3-806c-04769dc4f349","round":4,"event":"submit:round:sent","userId":"442244da-f050-4603-9e21-041a3f529383","selectedPets":0}
{"ts":"2026-05-17T17:50:48.735Z","matchId":"1784d02c-0e88-49b3-806c-04769dc4f349","round":4,"event":"ws:round:result","userId":"442244da-f050-4603-9e21-041a3f529383","battleComplete":false,"petStates":6}
{"ts":"2026-05-17T17:50:49.044Z","matchId":"1784d02c-0e88-49b3-806c-04769dc4f349","round":4,"event":"ui:round:result:start","userId":"442244da-f050-4603-9e21-041a3f529383","battleComplete":false,"pendingSkills":0}
{"ts":"2026-05-17T17:50:49.047Z","matchId":"1784d02c-0e88-49b3-806c-04769dc4f349","round":4,"event":"ui:round:result:done","userId":"442244da-f050-4603-9e21-041a3f529383","battleComplete":false,"newHand":10,"playerEnergy":9,"enemyEnergy":9}
{"ts":"2026-05-17T17:51:21.662Z","matchId":"1784d02c-0e88-49b3-806c-04769dc4f349","round":5,"event":"submit:round","userId":"442244da-f050-4603-9e21-041a3f529383","selectedPets":0,"selectedCards":0}
{"ts":"2026-05-17T17:51:21.692Z","matchId":"1784d02c-0e88-49b3-806c-04769dc4f349","round":5,"event":"submit:round:sent","userId":"442244da-f050-4603-9e21-041a3f529383","selectedPets":0}
{"ts":"2026-05-17T17:51:22.005Z","matchId":"1784d02c-0e88-49b3-806c-04769dc4f349","round":5,"event":"ws:round:result","userId":"442244da-f050-4603-9e21-041a3f529383","battleComplete":false,"petStates":6}
{"ts":"2026-05-17T17:51:22.317Z","matchId":"1784d02c-0e88-49b3-806c-04769dc4f349","round":5,"event":"ui:round:result:start","userId":"442244da-f050-4603-9e21-041a3f529383","battleComplete":false,"pendingSkills":0}
{"ts":"2026-05-17T17:51:22.318Z","matchId":"1784d02c-0e88-49b3-806c-04769dc4f349","round":5,"event":"ui:round:result:done","userId":"442244da-f050-4603-9e21-041a3f529383","battleComplete":false,"newHand":10,"playerEnergy":9,"enemyEnergy":9}
{"ts":"2026-05-17T17:51:52.356Z","matchId":"1784d02c-0e88-49b3-806c-04769dc4f349","round":6,"event":"submit:round","userId":"442244da-f050-4603-9e21-041a3f529383","selectedPets":0,"selectedCards":0}
{"ts":"2026-05-17T17:51:52.363Z","matchId":"1784d02c-0e88-49b3-806c-04769dc4f349","round":6,"event":"submit:round:sent","userId":"442244da-f050-4603-9e21-041a3f529383","selectedPets":0}
{"ts":"2026-05-17T17:51:52.392Z","matchId":"1784d02c-0e88-49b3-806c-04769dc4f349","round":6,"event":"ws:round:result","userId":"442244da-f050-4603-9e21-041a3f529383","battleComplete":false,"petStates":6}
{"ts":"2026-05-17T17:51:52.653Z","matchId":"1784d02c-0e88-49b3-806c-04769dc4f349","round":6,"event":"ui:round:result:start","userId":"442244da-f050-4603-9e21-041a3f529383","battleComplete":false,"pendingSkills":0}
{"ts":"2026-05-17T17:51:52.655Z","matchId":"1784d02c-0e88-49b3-806c-04769dc4f349","round":6,"event":"ui:round:result:done","userId":"442244da-f050-4603-9e21-041a3f529383","battleComplete":false,"newHand":10,"playerEnergy":9,"enemyEnergy":9}
{"ts":"2026-05-17T17:52:52.388Z","matchId":"1784d02c-0e88-49b3-806c-04769dc4f349","round":7,"event":"ws:round:result","userId":"442244da-f050-4603-9e21-041a3f529383","battleComplete":false,"petStates":6}
{"ts":"2026-05-17T17:52:52.679Z","matchId":"1784d02c-0e88-49b3-806c-04769dc4f349","round":7,"event":"ui:round:result:start","userId":"442244da-f050-4603-9e21-041a3f529383","battleComplete":false,"pendingSkills":0}
{"ts":"2026-05-17T17:52:52.682Z","matchId":"1784d02c-0e88-49b3-806c-04769dc4f349","round":7,"event":"ui:round:result:done","userId":"442244da-f050-4603-9e21-041a3f529383","battleComplete":false,"newHand":10,"playerEnergy":9,"enemyEnergy":9}
{"ts":"2026-05-17T17:53:52.409Z","matchId":"1784d02c-0e88-49b3-806c-04769dc4f349","round":8,"event":"ws:round:result","userId":"442244da-f050-4603-9e21-041a3f529383","battleComplete":false,"petStates":6}
{"ts":"2026-05-17T17:53:52.669Z","matchId":"1784d02c-0e88-49b3-806c-04769dc4f349","round":8,"event":"ui:round:result:start","userId":"442244da-f050-4603-9e21-041a3f529383","battleComplete":false,"pendingSkills":0}
{"ts":"2026-05-17T17:53:52.675Z","matchId":"1784d02c-0e88-49b3-806c-04769dc4f349","round":8,"event":"ui:round:result:done","userId":"442244da-f050-4603-9e21-041a3f529383","battleComplete":false,"newHand":10,"playerEnergy":9,"enemyEnergy":9}
{"ts":"2026-05-17T17:54:52.416Z","matchId":"1784d02c-0e88-49b3-806c-04769dc4f349","round":9,"event":"ws:round:result","userId":"442244da-f050-4603-9e21-041a3f529383","battleComplete":false,"petStates":6}
{"ts":"2026-05-17T17:54:52.676Z","matchId":"1784d02c-0e88-49b3-806c-04769dc4f349","round":9,"event":"ui:round:result:start","userId":"442244da-f050-4603-9e21-041a3f529383","battleComplete":false,"pendingSkills":0}
{"ts":"2026-05-17T17:54:52.678Z","matchId":"1784d02c-0e88-49b3-806c-04769dc4f349","round":9,"event":"ui:round:result:done","userId":"442244da-f050-4603-9e21-041a3f529383","battleComplete":false,"newHand":10,"playerEnergy":9,"enemyEnergy":9}
{"ts":"2026-05-17T17:55:52.423Z","matchId":"1784d02c-0e88-49b3-806c-04769dc4f349","round":10,"event":"ws:round:result","userId":"442244da-f050-4603-9e21-041a3f529383","battleComplete":false,"petStates":6}
{"ts":"2026-05-17T17:55:52.702Z","matchId":"1784d02c-0e88-49b3-806c-04769dc4f349","round":10,"event":"ui:round:result:start","userId":"442244da-f050-4603-9e21-041a3f529383","battleComplete":false,"pendingSkills":0}
{"ts":"2026-05-17T17:55:52.705Z","matchId":"1784d02c-0e88-49b3-806c-04769dc4f349","round":10,"event":"ui:round:result:done","userId":"442244da-f050-4603-9e21-041a3f529383","battleComplete":false,"newHand":10,"playerEnergy":9,"enemyEnergy":9}
{"ts":"2026-05-17T17:56:52.446Z","matchId":"1784d02c-0e88-49b3-806c-04769dc4f349","round":11,"event":"ws:round:result","userId":"442244da-f050-4603-9e21-041a3f529383","battleComplete":false,"petStates":6}
{"ts":"2026-05-17T17:56:52.705Z","matchId":"1784d02c-0e88-49b3-806c-04769dc4f349","round":11,"event":"ui:round:result:start","userId":"442244da-f050-4603-9e21-041a3f529383","battleComplete":false,"pendingSkills":0}
{"ts":"2026-05-17T17:56:52.711Z","matchId":"1784d02c-0e88-49b3-806c-04769dc4f349","round":11,"event":"ui:round:result:done","userId":"442244da-f050-4603-9e21-041a3f529383","battleComplete":false,"newHand":10,"playerEnergy":9,"enemyEnergy":9}
{"ts":"2026-05-17T17:57:52.457Z","matchId":"1784d02c-0e88-49b3-806c-04769dc4f349","round":12,"event":"ws:round:result","userId":"442244da-f050-4603-9e21-041a3f529383","battleComplete":false,"petStates":6}
{"ts":"2026-05-17T17:57:52.718Z","matchId":"1784d02c-0e88-49b3-806c-04769dc4f349","round":12,"event":"ui:round:result:start","userId":"442244da-f050-4603-9e21-041a3f529383","battleComplete":false,"pendingSkills":0}
{"ts":"2026-05-17T17:57:52.723Z","matchId":"1784d02c-0e88-49b3-806c-04769dc4f349","round":12,"event":"ui:round:result:done","userId":"442244da-f050-4603-9e21-041a3f529383","battleComplete":false,"newHand":10,"playerEnergy":9,"enemyEnergy":9}
{"ts":"2026-05-17T17:58:52.467Z","matchId":"1784d02c-0e88-49b3-806c-04769dc4f349","round":13,"event":"ws:round:result","userId":"442244da-f050-4603-9e21-041a3f529383","battleComplete":false,"petStates":6}
{"ts":"2026-05-17T17:58:52.732Z","matchId":"1784d02c-0e88-49b3-806c-04769dc4f349","round":13,"event":"ui:round:result:start","userId":"442244da-f050-4603-9e21-041a3f529383","battleComplete":false,"pendingSkills":0}
{"ts":"2026-05-17T17:58:52.734Z","matchId":"1784d02c-0e88-49b3-806c-04769dc4f349","round":13,"event":"ui:round:result:done","userId":"442244da-f050-4603-9e21-041a3f529383","battleComplete":false,"newHand":10,"playerEnergy":9,"enemyEnergy":9}
{"ts":"2026-05-17T17:59:52.474Z","matchId":"1784d02c-0e88-49b3-806c-04769dc4f349","round":14,"event":"ws:round:result","userId":"442244da-f050-4603-9e21-041a3f529383","battleComplete":false,"petStates":6}
{"ts":"2026-05-17T17:59:52.737Z","matchId":"1784d02c-0e88-49b3-806c-04769dc4f349","round":14,"event":"ui:round:result:start","userId":"442244da-f050-4603-9e21-041a3f529383","battleComplete":false,"pendingSkills":0}
{"ts":"2026-05-17T17:59:52.738Z","matchId":"1784d02c-0e88-49b3-806c-04769dc4f349","round":14,"event":"ui:round:result:done","userId":"442244da-f050-4603-9e21-041a3f529383","battleComplete":false,"newHand":10,"playerEnergy":9,"enemyEnergy":9}
{"ts":"2026-05-17T18:00:52.481Z","matchId":"1784d02c-0e88-49b3-806c-04769dc4f349","round":15,"event":"ws:round:result","userId":"442244da-f050-4603-9e21-041a3f529383","battleComplete":false,"petStates":6}
{"ts":"2026-05-17T18:00:52.742Z","matchId":"1784d02c-0e88-49b3-806c-04769dc4f349","round":15,"event":"ui:round:result:start","userId":"442244da-f050-4603-9e21-041a3f529383","battleComplete":false,"pendingSkills":0}
{"ts":"2026-05-17T18:00:52.745Z","matchId":"1784d02c-0e88-49b3-806c-04769dc4f349","round":15,"event":"ui:round:result:done","userId":"442244da-f050-4603-9e21-041a3f529383","battleComplete":false,"newHand":10,"playerEnergy":9,"enemyEnergy":9}
{"ts":"2026-05-17T18:01:52.492Z","matchId":"1784d02c-0e88-49b3-806c-04769dc4f349","round":16,"event":"ws:round:result","userId":"442244da-f050-4603-9e21-041a3f529383","battleComplete":false,"petStates":6}
{"ts":"2026-05-17T18:01:52.755Z","matchId":"1784d02c-0e88-49b3-806c-04769dc4f349","round":16,"event":"ui:round:result:start","userId":"442244da-f050-4603-9e21-041a3f529383","battleComplete":false,"pendingSkills":0}
{"ts":"2026-05-17T18:01:52.759Z","matchId":"1784d02c-0e88-49b3-806c-04769dc4f349","round":16,"event":"ui:round:result:done","userId":"442244da-f050-4603-9e21-041a3f529383","battleComplete":false,"newHand":10,"playerEnergy":9,"enemyEnergy":9}
{"ts":"2026-05-17T18:02:52.497Z","matchId":"1784d02c-0e88-49b3-806c-04769dc4f349","round":17,"event":"ws:round:result","userId":"442244da-f050-4603-9e21-041a3f529383","battleComplete":false,"petStates":6}
{"ts":"2026-05-17T18:02:52.760Z","matchId":"1784d02c-0e88-49b3-806c-04769dc4f349","round":17,"event":"ui:round:result:start","userId":"442244da-f050-4603-9e21-041a3f529383","battleComplete":false,"pendingSkills":0}
{"ts":"2026-05-17T18:02:52.763Z","matchId":"1784d02c-0e88-49b3-806c-04769dc4f349","round":17,"event":"ui:round:result:done","userId":"442244da-f050-4603-9e21-041a3f529383","battleComplete":false,"newHand":10,"playerEnergy":9,"enemyEnergy":9}
{"ts":"2026-05-17T18:03:52.511Z","matchId":"1784d02c-0e88-49b3-806c-04769dc4f349","round":18,"event":"ws:round:result","userId":"442244da-f050-4603-9e21-041a3f529383","battleComplete":false,"petStates":6}
{"ts":"2026-05-17T18:03:52.775Z","matchId":"1784d02c-0e88-49b3-806c-04769dc4f349","round":18,"event":"ui:round:result:start","userId":"442244da-f050-4603-9e21-041a3f529383","battleComplete":false,"pendingSkills":0}
{"ts":"2026-05-17T18:03:52.780Z","matchId":"1784d02c-0e88-49b3-806c-04769dc4f349","round":18,"event":"ui:round:result:done","userId":"442244da-f050-4603-9e21-041a3f529383","battleComplete":false,"newHand":10,"playerEnergy":9,"enemyEnergy":9}
{"ts":"2026-05-17T18:04:52.536Z","matchId":"1784d02c-0e88-49b3-806c-04769dc4f349","round":19,"event":"ws:round:result","userId":"442244da-f050-4603-9e21-041a3f529383","battleComplete":false,"petStates":6}
{"ts":"2026-05-17T18:04:52.796Z","matchId":"1784d02c-0e88-49b3-806c-04769dc4f349","round":19,"event":"ui:round:result:start","userId":"442244da-f050-4603-9e21-041a3f529383","battleComplete":false,"pendingSkills":0}
{"ts":"2026-05-17T18:04:52.801Z","matchId":"1784d02c-0e88-49b3-806c-04769dc4f349","round":19,"event":"ui:round:result:done","userId":"442244da-f050-4603-9e21-041a3f529383","battleComplete":false,"newHand":10,"playerEnergy":9,"enemyEnergy":9}
{"ts":"2026-05-17T18:05:52.541Z","matchId":"1784d02c-0e88-49b3-806c-04769dc4f349","round":20,"event":"ws:round:result","userId":"442244da-f050-4603-9e21-041a3f529383","battleComplete":false,"petStates":6}
{"ts":"2026-05-17T18:05:52.804Z","matchId":"1784d02c-0e88-49b3-806c-04769dc4f349","round":20,"event":"ui:round:result:start","userId":"442244da-f050-4603-9e21-041a3f529383","battleComplete":false,"pendingSkills":0}
{"ts":"2026-05-17T18:05:52.810Z","matchId":"1784d02c-0e88-49b3-806c-04769dc4f349","round":20,"event":"ui:round:result:done","userId":"442244da-f050-4603-9e21-041a3f529383","battleComplete":false,"newHand":10,"playerEnergy":9,"enemyEnergy":9}
