{"ts":"2026-05-17T18:07:28.510Z","matchId":"19ed84d2-f1dc-4289-bd68-ff83f67cb877","round":0,"event":"battle:init","userId":"442244da-f050-4603-9e21-041a3f529383","myTeam":3,"enemyTeam":3,"isAlpha":false}
{"ts":"2026-05-17T18:07:59.452Z","matchId":"19ed84d2-f1dc-4289-bd68-ff83f67cb877","round":1,"event":"submit:round","userId":"442244da-f050-4603-9e21-041a3f529383","selectedPets":2,"selectedCards":3}
{"ts":"2026-05-17T18:07:59.460Z","matchId":"19ed84d2-f1dc-4289-bd68-ff83f67cb877","round":1,"event":"submit:round:sent","userId":"442244da-f050-4603-9e21-041a3f529383","selectedPets":2}
{"ts":"2026-05-17T18:07:59.490Z","matchId":"19ed84d2-f1dc-4289-bd68-ff83f67cb877","round":0,"event":"ws:round:action","userId":"442244da-f050-4603-9e21-041a3f529383","actorUid":"75a9826c-cd54-4da2-ab40-4e8f56bf0c55","targetUid":"2ab8d1fa-10aa-4400-9721-a82edb0c4ed1","effectType":"damage","damage":76}
{"ts":"2026-05-17T18:07:59.493Z","matchId":"19ed84d2-f1dc-4289-bd68-ff83f67cb877","round":0,"event":"ui:round:action:apply","userId":"442244da-f050-4603-9e21-041a3f529383","actorUid":"75a9826c-cd54-4da2-ab40-4e8f56bf0c55","targetUid":"2ab8d1fa-10aa-4400-9721-a82edb0c4ed1","effectType":"damage","damage":76,"actorAnimId":"75a9826c-cd54-4da2-ab40-4e8f56bf0c55","targetAnimId":"2ab8d1fa-10aa-4400-9721-a82edb0c4ed1","actorHp":143,"targetHp":155}
{"ts":"2026-05-17T18:08:00.482Z","matchId":"19ed84d2-f1dc-4289-bd68-ff83f67cb877","round":0,"event":"ws:round:hit","userId":"442244da-f050-4603-9e21-041a3f529383","actorUid":"75a9826c-cd54-4da2-ab40-4e8f56bf0c55","targetUid":"2ab8d1fa-10aa-4400-9721-a82edb0c4ed1","effectType":"damage","damage":76,"healAmount":0,"shieldAmount":0}
{"ts":"2026-05-17T18:08:00.482Z","matchId":"19ed84d2-f1dc-4289-bd68-ff83f67cb877","round":0,"event":"ui:round:hit:before","userId":"442244da-f050-4603-9e21-041a3f529383","actorUid":"75a9826c-cd54-4da2-ab40-4e8f56bf0c55","targetUid":"2ab8d1fa-10aa-4400-9721-a82edb0c4ed1","effectType":"damage","damage":76,"healAmount":0,"shieldAmount":0,"statusApplied":"","targetHpBefore":155,"targetShieldBefore":0,"actorHpBefore":143,"actorShieldBefore":0,"serverTargetHpAfter":79,"serverTargetShieldAfter":0}
{"ts":"2026-05-17T18:08:00.484Z","matchId":"19ed84d2-f1dc-4289-bd68-ff83f67cb877","round":0,"event":"ui:round:hit:after","userId":"442244da-f050-4603-9e21-041a3f529383","targetUid":"2ab8d1fa-10aa-4400-9721-a82edb0c4ed1","targetAnimId":"2ab8d1fa-10aa-4400-9721-a82edb0c4ed1","targetHp":79,"targetShield":0,"actorUid":"75a9826c-cd54-4da2-ab40-4e8f56bf0c55","actorAnimId":"75a9826c-cd54-4da2-ab40-4e8f56bf0c55","actorHp":143,"actorShield":0}
{"ts":"2026-05-17T18:08:01.283Z","matchId":"19ed84d2-f1dc-4289-bd68-ff83f67cb877","round":0,"event":"ws:round:action","userId":"442244da-f050-4603-9e21-041a3f529383","actorUid":"0f291d2a-b198-4c23-9424-3e454e82eb27","targetUid":"2ab8d1fa-10aa-4400-9721-a82edb0c4ed1","effectType":"damage","damage":28}
{"ts":"2026-05-17T18:08:01.284Z","matchId":"19ed84d2-f1dc-4289-bd68-ff83f67cb877","round":0,"event":"ui:round:action:apply","userId":"442244da-f050-4603-9e21-041a3f529383","actorUid":"0f291d2a-b198-4c23-9424-3e454e82eb27","targetUid":"2ab8d1fa-10aa-4400-9721-a82edb0c4ed1","effectType":"damage","damage":28,"actorAnimId":"0f291d2a-b198-4c23-9424-3e454e82eb27","targetAnimId":"2ab8d1fa-10aa-4400-9721-a82edb0c4ed1","actorHp":144,"targetHp":79}
{"ts":"2026-05-17T18:08:02.297Z","matchId":"19ed84d2-f1dc-4289-bd68-ff83f67cb877","round":0,"event":"ws:round:hit","userId":"442244da-f050-4603-9e21-041a3f529383","actorUid":"0f291d2a-b198-4c23-9424-3e454e82eb27","targetUid":"2ab8d1fa-10aa-4400-9721-a82edb0c4ed1","effectType":"damage","damage":28,"healAmount":0,"shieldAmount":0}
{"ts":"2026-05-17T18:08:02.298Z","matchId":"19ed84d2-f1dc-4289-bd68-ff83f67cb877","round":0,"event":"ui:round:hit:before","userId":"442244da-f050-4603-9e21-041a3f529383","actorUid":"0f291d2a-b198-4c23-9424-3e454e82eb27","targetUid":"2ab8d1fa-10aa-4400-9721-a82edb0c4ed1","effectType":"damage","damage":28,"healAmount":0,"shieldAmount":0,"statusApplied":"","targetHpBefore":79,"targetShieldBefore":0,"actorHpBefore":144,"actorShieldBefore":0,"serverTargetHpAfter":51,"serverTargetShieldAfter":0}
{"ts":"2026-05-17T18:08:02.298Z","matchId":"19ed84d2-f1dc-4289-bd68-ff83f67cb877","round":0,"event":"ui:round:hit:after","userId":"442244da-f050-4603-9e21-041a3f529383","targetUid":"2ab8d1fa-10aa-4400-9721-a82edb0c4ed1","targetAnimId":"2ab8d1fa-10aa-4400-9721-a82edb0c4ed1","targetHp":51,"targetShield":0,"actorUid":"0f291d2a-b198-4c23-9424-3e454e82eb27","actorAnimId":"0f291d2a-b198-4c23-9424-3e454e82eb27","actorHp":144,"actorShield":0}
{"ts":"2026-05-17T18:08:03.095Z","matchId":"19ed84d2-f1dc-4289-bd68-ff83f67cb877","round":0,"event":"ws:round:action","userId":"442244da-f050-4603-9e21-041a3f529383","actorUid":"2c4f66b1-8fd9-42c6-9487-15340bade088","targetUid":"0f291d2a-b198-4c23-9424-3e454e82eb27","effectType":"damage","damage":68}
{"ts":"2026-05-17T18:08:03.096Z","matchId":"19ed84d2-f1dc-4289-bd68-ff83f67cb877","round":0,"event":"ui:round:action:apply","userId":"442244da-f050-4603-9e21-041a3f529383","actorUid":"2c4f66b1-8fd9-42c6-9487-15340bade088","targetUid":"0f291d2a-b198-4c23-9424-3e454e82eb27","effectType":"damage","damage":68,"actorAnimId":"2c4f66b1-8fd9-42c6-9487-15340bade088","targetAnimId":"0f291d2a-b198-4c23-9424-3e454e82eb27","actorHp":142,"targetHp":144}
{"ts":"2026-05-17T18:08:04.102Z","matchId":"19ed84d2-f1dc-4289-bd68-ff83f67cb877","round":0,"event":"ws:round:hit","userId":"442244da-f050-4603-9e21-041a3f529383","actorUid":"2c4f66b1-8fd9-42c6-9487-15340bade088","targetUid":"0f291d2a-b198-4c23-9424-3e454e82eb27","effectType":"damage","damage":68,"healAmount":0,"shieldAmount":0}
{"ts":"2026-05-17T18:08:04.102Z","matchId":"19ed84d2-f1dc-4289-bd68-ff83f67cb877","round":0,"event":"ui:round:hit:before","userId":"442244da-f050-4603-9e21-041a3f529383","actorUid":"2c4f66b1-8fd9-42c6-9487-15340bade088","targetUid":"0f291d2a-b198-4c23-9424-3e454e82eb27","effectType":"damage","damage":68,"healAmount":0,"shieldAmount":0,"statusApplied":"","targetHpBefore":144,"targetShieldBefore":0,"actorHpBefore":142,"actorShieldBefore":0,"serverTargetHpAfter":76,"serverTargetShieldAfter":0}
{"ts":"2026-05-17T18:08:04.103Z","matchId":"19ed84d2-f1dc-4289-bd68-ff83f67cb877","round":0,"event":"ui:round:hit:after","userId":"442244da-f050-4603-9e21-041a3f529383","targetUid":"0f291d2a-b198-4c23-9424-3e454e82eb27","targetAnimId":"0f291d2a-b198-4c23-9424-3e454e82eb27","targetHp":76,"targetShield":0,"actorUid":"2c4f66b1-8fd9-42c6-9487-15340bade088","actorAnimId":"2c4f66b1-8fd9-42c6-9487-15340bade088","actorHp":142,"actorShield":0}
{"ts":"2026-05-17T18:08:04.912Z","matchId":"19ed84d2-f1dc-4289-bd68-ff83f67cb877","round":0,"event":"ws:round:action","userId":"442244da-f050-4603-9e21-041a3f529383","actorUid":"6ec3b958-ff4e-45b2-b4e3-7a18fe128c05","targetUid":"0f291d2a-b198-4c23-9424-3e454e82eb27","effectType":"damage","damage":51}
{"ts":"2026-05-17T18:08:04.913Z","matchId":"19ed84d2-f1dc-4289-bd68-ff83f67cb877","round":0,"event":"ui:round:action:apply","userId":"442244da-f050-4603-9e21-041a3f529383","actorUid":"6ec3b958-ff4e-45b2-b4e3-7a18fe128c05","targetUid":"0f291d2a-b198-4c23-9424-3e454e82eb27","effectType":"damage","damage":51,"actorAnimId":"6ec3b958-ff4e-45b2-b4e3-7a18fe128c05","targetAnimId":"0f291d2a-b198-4c23-9424-3e454e82eb27","actorHp":159,"targetHp":76}
{"ts":"2026-05-17T18:08:05.912Z","matchId":"19ed84d2-f1dc-4289-bd68-ff83f67cb877","round":0,"event":"ws:round:hit","userId":"442244da-f050-4603-9e21-041a3f529383","actorUid":"6ec3b958-ff4e-45b2-b4e3-7a18fe128c05","targetUid":"0f291d2a-b198-4c23-9424-3e454e82eb27","effectType":"damage","damage":51,"healAmount":0,"shieldAmount":0}
{"ts":"2026-05-17T18:08:05.912Z","matchId":"19ed84d2-f1dc-4289-bd68-ff83f67cb877","round":0,"event":"ui:round:hit:before","userId":"442244da-f050-4603-9e21-041a3f529383","actorUid":"6ec3b958-ff4e-45b2-b4e3-7a18fe128c05","targetUid":"0f291d2a-b198-4c23-9424-3e454e82eb27","effectType":"damage","damage":51,"healAmount":0,"shieldAmount":0,"statusApplied":"","targetHpBefore":76,"targetShieldBefore":0,"actorHpBefore":159,"actorShieldBefore":0,"serverTargetHpAfter":25,"serverTargetShieldAfter":0}
{"ts":"2026-05-17T18:08:05.913Z","matchId":"19ed84d2-f1dc-4289-bd68-ff83f67cb877","round":0,"event":"ui:round:hit:after","userId":"442244da-f050-4603-9e21-041a3f529383","targetUid":"0f291d2a-b198-4c23-9424-3e454e82eb27","targetAnimId":"0f291d2a-b198-4c23-9424-3e454e82eb27","targetHp":25,"targetShield":0,"actorUid":"6ec3b958-ff4e-45b2-b4e3-7a18fe128c05","actorAnimId":"6ec3b958-ff4e-45b2-b4e3-7a18fe128c05","actorHp":159,"actorShield":0}
{"ts":"2026-05-17T18:08:06.715Z","matchId":"19ed84d2-f1dc-4289-bd68-ff83f67cb877","round":0,"event":"ws:round:action","userId":"442244da-f050-4603-9e21-041a3f529383","actorUid":"e867db4c-dd24-45f5-b082-0a620810954c","targetUid":"2ab8d1fa-10aa-4400-9721-a82edb0c4ed1","effectType":"damage","damage":38}
{"ts":"2026-05-17T18:08:06.718Z","matchId":"19ed84d2-f1dc-4289-bd68-ff83f67cb877","round":0,"event":"ui:round:action:apply","userId":"442244da-f050-4603-9e21-041a3f529383","actorUid":"e867db4c-dd24-45f5-b082-0a620810954c","targetUid":"2ab8d1fa-10aa-4400-9721-a82edb0c4ed1","effectType":"damage","damage":38,"actorAnimId":"e867db4c-dd24-45f5-b082-0a620810954c","targetAnimId":"2ab8d1fa-10aa-4400-9721-a82edb0c4ed1","actorHp":195,"targetHp":51}
{"ts":"2026-05-17T18:08:07.726Z","matchId":"19ed84d2-f1dc-4289-bd68-ff83f67cb877","round":0,"event":"ws:round:hit","userId":"442244da-f050-4603-9e21-041a3f529383","actorUid":"e867db4c-dd24-45f5-b082-0a620810954c","targetUid":"2ab8d1fa-10aa-4400-9721-a82edb0c4ed1","effectType":"damage","damage":38,"healAmount":0,"shieldAmount":0}
{"ts":"2026-05-17T18:08:07.726Z","matchId":"19ed84d2-f1dc-4289-bd68-ff83f67cb877","round":0,"event":"ui:round:hit:before","userId":"442244da-f050-4603-9e21-041a3f529383","actorUid":"e867db4c-dd24-45f5-b082-0a620810954c","targetUid":"2ab8d1fa-10aa-4400-9721-a82edb0c4ed1","effectType":"damage","damage":38,"healAmount":0,"shieldAmount":0,"statusApplied":"","targetHpBefore":51,"targetShieldBefore":0,"actorHpBefore":195,"actorShieldBefore":0,"serverTargetHpAfter":13,"serverTargetShieldAfter":0}
{"ts":"2026-05-17T18:08:07.727Z","matchId":"19ed84d2-f1dc-4289-bd68-ff83f67cb877","round":0,"event":"ui:round:hit:after","userId":"442244da-f050-4603-9e21-041a3f529383","targetUid":"2ab8d1fa-10aa-4400-9721-a82edb0c4ed1","targetAnimId":"2ab8d1fa-10aa-4400-9721-a82edb0c4ed1","targetHp":13,"targetShield":0,"actorUid":"e867db4c-dd24-45f5-b082-0a620810954c","actorAnimId":"e867db4c-dd24-45f5-b082-0a620810954c","actorHp":195,"actorShield":0}
{"ts":"2026-05-17T18:08:08.528Z","matchId":"19ed84d2-f1dc-4289-bd68-ff83f67cb877","round":1,"event":"ws:round:result","userId":"442244da-f050-4603-9e21-041a3f529383","battleComplete":false,"petStates":6}
{"ts":"2026-05-17T18:08:08.792Z","matchId":"19ed84d2-f1dc-4289-bd68-ff83f67cb877","round":1,"event":"ui:round:result:start","userId":"442244da-f050-4603-9e21-041a3f529383","battleComplete":false,"pendingSkills":2}
{"ts":"2026-05-17T18:08:08.796Z","matchId":"19ed84d2-f1dc-4289-bd68-ff83f67cb877","round":1,"event":"ui:round:result:done","userId":"442244da-f050-4603-9e21-041a3f529383","battleComplete":false,"newHand":6,"playerEnergy":3,"enemyEnergy":4}
{"ts":"2026-05-17T18:08:58.377Z","matchId":"19ed84d2-f1dc-4289-bd68-ff83f67cb877","round":2,"event":"submit:round","userId":"442244da-f050-4603-9e21-041a3f529383","selectedPets":0,"selectedCards":0}
{"ts":"2026-05-17T18:08:58.384Z","matchId":"19ed84d2-f1dc-4289-bd68-ff83f67cb877","round":2,"event":"submit:round:sent","userId":"442244da-f050-4603-9e21-041a3f529383","selectedPets":0}
{"ts":"2026-05-17T18:08:58.423Z","matchId":"19ed84d2-f1dc-4289-bd68-ff83f67cb877","round":2,"event":"ws:round:result","userId":"442244da-f050-4603-9e21-041a3f529383","battleComplete":false,"petStates":6}
{"ts":"2026-05-17T18:08:58.709Z","matchId":"19ed84d2-f1dc-4289-bd68-ff83f67cb877","round":2,"event":"ui:round:result:start","userId":"442244da-f050-4603-9e21-041a3f529383","battleComplete":false,"pendingSkills":0}
{"ts":"2026-05-17T18:08:58.715Z","matchId":"19ed84d2-f1dc-4289-bd68-ff83f67cb877","round":2,"event":"ui:round:result:done","userId":"442244da-f050-4603-9e21-041a3f529383","battleComplete":false,"newHand":9,"playerEnergy":5,"enemyEnergy":6}
{"ts":"2026-05-17T18:09:28.701Z","matchId":"19ed84d2-f1dc-4289-bd68-ff83f67cb877","round":3,"event":"submit:round","userId":"442244da-f050-4603-9e21-041a3f529383","selectedPets":0,"selectedCards":0}
{"ts":"2026-05-17T18:09:28.709Z","matchId":"19ed84d2-f1dc-4289-bd68-ff83f67cb877","round":3,"event":"submit:round:sent","userId":"442244da-f050-4603-9e21-041a3f529383","selectedPets":0}
{"ts":"2026-05-17T18:09:28.743Z","matchId":"19ed84d2-f1dc-4289-bd68-ff83f67cb877","round":3,"event":"ws:round:result","userId":"442244da-f050-4603-9e21-041a3f529383","battleComplete":false,"petStates":6}
{"ts":"2026-05-17T18:09:29.005Z","matchId":"19ed84d2-f1dc-4289-bd68-ff83f67cb877","round":3,"event":"ui:round:result:start","userId":"442244da-f050-4603-9e21-041a3f529383","battleComplete":false,"pendingSkills":0}
{"ts":"2026-05-17T18:09:29.008Z","matchId":"19ed84d2-f1dc-4289-bd68-ff83f67cb877","round":3,"event":"ui:round:result:done","userId":"442244da-f050-4603-9e21-041a3f529383","battleComplete":false,"newHand":10,"playerEnergy":7,"enemyEnergy":8}
{"ts":"2026-05-17T18:09:59.029Z","matchId":"19ed84d2-f1dc-4289-bd68-ff83f67cb877","round":4,"event":"submit:round","userId":"442244da-f050-4603-9e21-041a3f529383","selectedPets":0,"selectedCards":0}
{"ts":"2026-05-17T18:09:59.031Z","matchId":"19ed84d2-f1dc-4289-bd68-ff83f67cb877","round":4,"event":"submit:round:sent","userId":"442244da-f050-4603-9e21-041a3f529383","selectedPets":0}
{"ts":"2026-05-17T18:09:59.078Z","matchId":"19ed84d2-f1dc-4289-bd68-ff83f67cb877","round":4,"event":"ws:round:result","userId":"442244da-f050-4603-9e21-041a3f529383","battleComplete":false,"petStates":6}
{"ts":"2026-05-17T18:09:59.341Z","matchId":"19ed84d2-f1dc-4289-bd68-ff83f67cb877","round":4,"event":"ui:round:result:start","userId":"442244da-f050-4603-9e21-041a3f529383","battleComplete":false,"pendingSkills":0}
{"ts":"2026-05-17T18:09:59.342Z","matchId":"19ed84d2-f1dc-4289-bd68-ff83f67cb877","round":4,"event":"ui:round:result:done","userId":"442244da-f050-4603-9e21-041a3f529383","battleComplete":false,"newHand":10,"playerEnergy":9,"enemyEnergy":9}
{"ts":"2026-05-17T18:10:29.353Z","matchId":"19ed84d2-f1dc-4289-bd68-ff83f67cb877","round":5,"event":"submit:round","userId":"442244da-f050-4603-9e21-041a3f529383","selectedPets":0,"selectedCards":0}
{"ts":"2026-05-17T18:10:29.356Z","matchId":"19ed84d2-f1dc-4289-bd68-ff83f67cb877","round":5,"event":"submit:round:sent","userId":"442244da-f050-4603-9e21-041a3f529383","selectedPets":0}
{"ts":"2026-05-17T18:10:29.417Z","matchId":"19ed84d2-f1dc-4289-bd68-ff83f67cb877","round":5,"event":"ws:round:result","userId":"442244da-f050-4603-9e21-041a3f529383","battleComplete":false,"petStates":6}
{"ts":"2026-05-17T18:10:29.686Z","matchId":"19ed84d2-f1dc-4289-bd68-ff83f67cb877","round":5,"event":"ui:round:result:start","userId":"442244da-f050-4603-9e21-041a3f529383","battleComplete":false,"pendingSkills":0}
{"ts":"2026-05-17T18:10:29.688Z","matchId":"19ed84d2-f1dc-4289-bd68-ff83f67cb877","round":5,"event":"ui:round:result:done","userId":"442244da-f050-4603-9e21-041a3f529383","battleComplete":false,"newHand":10,"playerEnergy":9,"enemyEnergy":9}
{"ts":"2026-05-17T18:10:59.695Z","matchId":"19ed84d2-f1dc-4289-bd68-ff83f67cb877","round":6,"event":"submit:round","userId":"442244da-f050-4603-9e21-041a3f529383","selectedPets":0,"selectedCards":0}
{"ts":"2026-05-17T18:10:59.700Z","matchId":"19ed84d2-f1dc-4289-bd68-ff83f67cb877","round":6,"event":"submit:round:sent","userId":"442244da-f050-4603-9e21-041a3f529383","selectedPets":0}
{"ts":"2026-05-17T18:10:59.742Z","matchId":"19ed84d2-f1dc-4289-bd68-ff83f67cb877","round":6,"event":"ws:round:result","userId":"442244da-f050-4603-9e21-041a3f529383","battleComplete":false,"petStates":6}
{"ts":"2026-05-17T18:11:00.009Z","matchId":"19ed84d2-f1dc-4289-bd68-ff83f67cb877","round":6,"event":"ui:round:result:start","userId":"442244da-f050-4603-9e21-041a3f529383","battleComplete":false,"pendingSkills":0}
{"ts":"2026-05-17T18:11:00.012Z","matchId":"19ed84d2-f1dc-4289-bd68-ff83f67cb877","round":6,"event":"ui:round:result:done","userId":"442244da-f050-4603-9e21-041a3f529383","battleComplete":false,"newHand":10,"playerEnergy":9,"enemyEnergy":9}
{"ts":"2026-05-17T18:11:59.771Z","matchId":"19ed84d2-f1dc-4289-bd68-ff83f67cb877","round":7,"event":"ws:round:result","userId":"442244da-f050-4603-9e21-041a3f529383","battleComplete":false,"petStates":6}
{"ts":"2026-05-17T18:12:00.049Z","matchId":"19ed84d2-f1dc-4289-bd68-ff83f67cb877","round":7,"event":"ui:round:result:start","userId":"442244da-f050-4603-9e21-041a3f529383","battleComplete":false,"pendingSkills":0}
{"ts":"2026-05-17T18:12:00.058Z","matchId":"19ed84d2-f1dc-4289-bd68-ff83f67cb877","round":7,"event":"ui:round:result:done","userId":"442244da-f050-4603-9e21-041a3f529383","battleComplete":false,"newHand":10,"playerEnergy":9,"enemyEnergy":9}
{"ts":"2026-05-17T18:12:59.762Z","matchId":"19ed84d2-f1dc-4289-bd68-ff83f67cb877","round":8,"event":"ws:round:result","userId":"442244da-f050-4603-9e21-041a3f529383","battleComplete":false,"petStates":6}
{"ts":"2026-05-17T18:13:00.026Z","matchId":"19ed84d2-f1dc-4289-bd68-ff83f67cb877","round":8,"event":"ui:round:result:start","userId":"442244da-f050-4603-9e21-041a3f529383","battleComplete":false,"pendingSkills":0}
{"ts":"2026-05-17T18:13:00.035Z","matchId":"19ed84d2-f1dc-4289-bd68-ff83f67cb877","round":8,"event":"ui:round:result:done","userId":"442244da-f050-4603-9e21-041a3f529383","battleComplete":false,"newHand":10,"playerEnergy":9,"enemyEnergy":9}
{"ts":"2026-05-17T18:13:59.787Z","matchId":"19ed84d2-f1dc-4289-bd68-ff83f67cb877","round":9,"event":"ws:round:result","userId":"442244da-f050-4603-9e21-041a3f529383","battleComplete":false,"petStates":6}
{"ts":"2026-05-17T18:14:00.064Z","matchId":"19ed84d2-f1dc-4289-bd68-ff83f67cb877","round":9,"event":"ui:round:result:start","userId":"442244da-f050-4603-9e21-041a3f529383","battleComplete":false,"pendingSkills":0}
{"ts":"2026-05-17T18:14:00.067Z","matchId":"19ed84d2-f1dc-4289-bd68-ff83f67cb877","round":9,"event":"ui:round:result:done","userId":"442244da-f050-4603-9e21-041a3f529383","battleComplete":false,"newHand":10,"playerEnergy":9,"enemyEnergy":9}
{"ts":"2026-05-17T18:14:59.782Z","matchId":"19ed84d2-f1dc-4289-bd68-ff83f67cb877","round":10,"event":"ws:round:result","userId":"442244da-f050-4603-9e21-041a3f529383","battleComplete":false,"petStates":6}
{"ts":"2026-05-17T18:15:00.044Z","matchId":"19ed84d2-f1dc-4289-bd68-ff83f67cb877","round":10,"event":"ui:round:result:start","userId":"442244da-f050-4603-9e21-041a3f529383","battleComplete":false,"pendingSkills":0}
{"ts":"2026-05-17T18:15:00.045Z","matchId":"19ed84d2-f1dc-4289-bd68-ff83f67cb877","round":10,"event":"ui:round:result:done","userId":"442244da-f050-4603-9e21-041a3f529383","battleComplete":false,"newHand":10,"playerEnergy":9,"enemyEnergy":9}
{"ts":"2026-05-17T18:15:59.802Z","matchId":"19ed84d2-f1dc-4289-bd68-ff83f67cb877","round":11,"event":"ws:round:result","userId":"442244da-f050-4603-9e21-041a3f529383","battleComplete":false,"petStates":6}
{"ts":"2026-05-17T18:16:00.064Z","matchId":"19ed84d2-f1dc-4289-bd68-ff83f67cb877","round":11,"event":"ui:round:result:start","userId":"442244da-f050-4603-9e21-041a3f529383","battleComplete":false,"pendingSkills":0}
{"ts":"2026-05-17T18:16:00.084Z","matchId":"19ed84d2-f1dc-4289-bd68-ff83f67cb877","round":11,"event":"ui:round:result:done","userId":"442244da-f050-4603-9e21-041a3f529383","battleComplete":false,"newHand":10,"playerEnergy":9,"enemyEnergy":9}
{"ts":"2026-05-17T18:16:59.853Z","matchId":"19ed84d2-f1dc-4289-bd68-ff83f67cb877","round":12,"event":"ws:round:result","userId":"442244da-f050-4603-9e21-041a3f529383","battleComplete":false,"petStates":6}
{"ts":"2026-05-17T18:17:00.157Z","matchId":"19ed84d2-f1dc-4289-bd68-ff83f67cb877","round":12,"event":"ui:round:result:start","userId":"442244da-f050-4603-9e21-041a3f529383","battleComplete":false,"pendingSkills":0}
{"ts":"2026-05-17T18:17:00.166Z","matchId":"19ed84d2-f1dc-4289-bd68-ff83f67cb877","round":12,"event":"ui:round:result:done","userId":"442244da-f050-4603-9e21-041a3f529383","battleComplete":false,"newHand":10,"playerEnergy":9,"enemyEnergy":9}
